2025-10-25T07:42:11.258533Z  INFO tailwindcss_oxide::scanner: Provided sources:
2025-10-25T07:42:11.259803Z  INFO tailwindcss_oxide::scanner: Source: PublicSourceEntry { base: "C:\\Users\\Dave\\Documents\\next\\memarya", pattern: "**/*", negated: false }
2025-10-25T07:42:11.261721Z  INFO tailwindcss_oxide::scanner: Optimized sources:
2025-10-25T07:42:11.261773Z  INFO tailwindcss_oxide::scanner: Source: Auto { base: "C:\\Users\\Dave\\Documents\\next\\memarya" }
2025-10-25T07:42:11.266012Z  INFO scan_sources: tailwindcss_oxide::scanner: enter
2025-10-25T07:42:11.333522Z  INFO scan_sources: tailwindcss_oxide::scanner: Discovering "C:\\Users\\Dave\\Documents\\next\\memarya\\.github"
2025-10-25T07:42:11.377121Z  INFO scan_sources: tailwindcss_oxide::scanner: Discovering "C:\\Users\\Dave\\Documents\\next\\memarya\\.github\\workflows"
2025-10-25T07:42:11.377506Z  INFO scan_sources: tailwindcss_oxide::scanner: Discovering "C:\\Users\\Dave\\Documents\\next\\memarya\\.github\\workflows\\playwright.yml"
2025-10-25T07:42:11.378155Z  INFO scan_sources: tailwindcss_oxide::scanner: Discovering "C:\\Users\\Dave\\Documents\\next\\memarya\\.vscode"
2025-10-25T07:42:11.378479Z  INFO scan_sources: tailwindcss_oxide::scanner: Discovering "C:\\Users\\Dave\\Documents\\next\\memarya\\.vscode\\settings.json"
2025-10-25T07:42:11.378686Z  INFO scan_sources: tailwindcss_oxide::scanner: Discovering "C:\\Users\\Dave\\Documents\\next\\memarya\\auth-schema.ts"
2025-10-25T07:42:11.378851Z  INFO scan_sources: tailwindcss_oxide::scanner: Discovering "C:\\Users\\Dave\\Documents\\next\\memarya\\components.json"
2025-10-25T07:42:11.379064Z  INFO scan_sources: tailwindcss_oxide::scanner: Discovering "C:\\Users\\Dave\\Documents\\next\\memarya\\drizzle"
2025-10-25T07:42:11.379397Z  INFO scan_sources: tailwindcss_oxide::scanner: Discovering "C:\\Users\\Dave\\Documents\\next\\memarya\\drizzle\\0000_medical_toad_men.sql"
2025-10-25T07:42:11.379567Z  INFO scan_sources: tailwindcss_oxide::scanner: Discovering "C:\\Users\\Dave\\Documents\\next\\memarya\\drizzle\\0001_little_edwin_jarvis.sql"
2025-10-25T07:42:11.379716Z  INFO scan_sources: tailwindcss_oxide::scanner: Discovering "C:\\Users\\Dave\\Documents\\next\\memarya\\drizzle\\0002_ambitious_leopardon.sql"
2025-10-25T07:42:11.379868Z  INFO scan_sources: tailwindcss_oxide::scanner: Discovering "C:\\Users\\Dave\\Documents\\next\\memarya\\drizzle\\0002_profile_fields.sql"
2025-10-25T07:42:11.380014Z  INFO scan_sources: tailwindcss_oxide::scanner: Discovering "C:\\Users\\Dave\\Documents\\next\\memarya\\drizzle\\0003_courses.sql"
2025-10-25T07:42:11.380158Z  INFO scan_sources: tailwindcss_oxide::scanner: Discovering "C:\\Users\\Dave\\Documents\\next\\memarya\\drizzle\\0004_user_role.sql"
2025-10-25T07:42:11.380304Z  INFO scan_sources: tailwindcss_oxide::scanner: Discovering "C:\\Users\\Dave\\Documents\\next\\memarya\\drizzle\\0005_snippets.sql"
2025-10-25T07:42:11.380711Z  INFO scan_sources: tailwindcss_oxide::scanner: Discovering "C:\\Users\\Dave\\Documents\\next\\memarya\\drizzle\\0011_lesson_components.sql"
2025-10-25T07:42:11.381039Z  INFO scan_sources: tailwindcss_oxide::scanner: Discovering "C:\\Users\\Dave\\Documents\\next\\memarya\\drizzle\\meta"
2025-10-25T07:42:11.381393Z  INFO scan_sources: tailwindcss_oxide::scanner: Discovering "C:\\Users\\Dave\\Documents\\next\\memarya\\drizzle\\meta\\0000_snapshot.json"
2025-10-25T07:42:11.381573Z  INFO scan_sources: tailwindcss_oxide::scanner: Discovering "C:\\Users\\Dave\\Documents\\next\\memarya\\drizzle\\meta\\0001_snapshot.json"
2025-10-25T07:42:11.381759Z  INFO scan_sources: tailwindcss_oxide::scanner: Discovering "C:\\Users\\Dave\\Documents\\next\\memarya\\drizzle\\meta\\0002_snapshot.json"
2025-10-25T07:42:11.381952Z  INFO scan_sources: tailwindcss_oxide::scanner: Discovering "C:\\Users\\Dave\\Documents\\next\\memarya\\drizzle\\meta\\_journal.json"
2025-10-25T07:42:11.382236Z  INFO scan_sources: tailwindcss_oxide::scanner: Discovering "C:\\Users\\Dave\\Documents\\next\\memarya\\drizzle.config.ts"
2025-10-25T07:42:11.382405Z  INFO scan_sources: tailwindcss_oxide::scanner: Discovering "C:\\Users\\Dave\\Documents\\next\\memarya\\eslint.config.mjs"
2025-10-25T07:42:11.382869Z  INFO scan_sources: tailwindcss_oxide::scanner: Discovering "C:\\Users\\Dave\\Documents\\next\\memarya\\LICENSE"
2025-10-25T07:42:11.383027Z  INFO scan_sources: tailwindcss_oxide::scanner: Discovering "C:\\Users\\Dave\\Documents\\next\\memarya\\next.config.ts"
2025-10-25T07:42:11.383518Z  INFO scan_sources: tailwindcss_oxide::scanner: Discovering "C:\\Users\\Dave\\Documents\\next\\memarya\\nul"
2025-10-25T07:42:11.383684Z  INFO scan_sources: tailwindcss_oxide::scanner: Discovering "C:\\Users\\Dave\\Documents\\next\\memarya\\package.json"
2025-10-25T07:42:11.384251Z  INFO scan_sources: tailwindcss_oxide::scanner: Discovering "C:\\Users\\Dave\\Documents\\next\\memarya\\playwright.config.ts"
2025-10-25T07:42:11.384642Z  INFO scan_sources: tailwindcss_oxide::scanner: Discovering "C:\\Users\\Dave\\Documents\\next\\memarya\\postcss.config.mjs"
2025-10-25T07:42:11.384873Z  INFO scan_sources: tailwindcss_oxide::scanner: Discovering "C:\\Users\\Dave\\Documents\\next\\memarya\\public"
2025-10-25T07:42:11.385204Z  INFO scan_sources: tailwindcss_oxide::scanner: Discovering "C:\\Users\\Dave\\Documents\\next\\memarya\\public\\file.svg"
2025-10-25T07:42:11.385367Z  INFO scan_sources: tailwindcss_oxide::scanner: Discovering "C:\\Users\\Dave\\Documents\\next\\memarya\\public\\globe.svg"
2025-10-25T07:42:11.385545Z  INFO scan_sources: tailwindcss_oxide::scanner: Discovering "C:\\Users\\Dave\\Documents\\next\\memarya\\public\\next.svg"
2025-10-25T07:42:11.385707Z  INFO scan_sources: tailwindcss_oxide::scanner: Discovering "C:\\Users\\Dave\\Documents\\next\\memarya\\public\\vercel.svg"
2025-10-25T07:42:11.385863Z  INFO scan_sources: tailwindcss_oxide::scanner: Discovering "C:\\Users\\Dave\\Documents\\next\\memarya\\public\\window.svg"
2025-10-25T07:42:11.386084Z  INFO scan_sources: tailwindcss_oxide::scanner: Discovering "C:\\Users\\Dave\\Documents\\next\\memarya\\README.md"
2025-10-25T07:42:11.386398Z  INFO scan_sources: tailwindcss_oxide::scanner: Discovering "C:\\Users\\Dave\\Documents\\next\\memarya\\scripts"
2025-10-25T07:42:11.386740Z  INFO scan_sources: tailwindcss_oxide::scanner: Discovering "C:\\Users\\Dave\\Documents\\next\\memarya\\scripts\\apply-sql.ts"
2025-10-25T07:42:11.386919Z  INFO scan_sources: tailwindcss_oxide::scanner: Discovering "C:\\Users\\Dave\\Documents\\next\\memarya\\scripts\\promote-admin.ts"
2025-10-25T07:42:11.387073Z  INFO scan_sources: tailwindcss_oxide::scanner: Discovering "C:\\Users\\Dave\\Documents\\next\\memarya\\scripts\\s.ts"
2025-10-25T07:42:11.387228Z  INFO scan_sources: tailwindcss_oxide::scanner: Discovering "C:\\Users\\Dave\\Documents\\next\\memarya\\scripts\\seed-admin.ts"
2025-10-25T07:42:11.387474Z  INFO scan_sources: tailwindcss_oxide::scanner: Discovering "C:\\Users\\Dave\\Documents\\next\\memarya\\scripts\\sql"
2025-10-25T07:42:11.387793Z  INFO scan_sources: tailwindcss_oxide::scanner: Discovering "C:\\Users\\Dave\\Documents\\next\\memarya\\scripts\\sql\\0006_admin_plugin_fields.sql"
2025-10-25T07:42:11.387975Z  INFO scan_sources: tailwindcss_oxide::scanner: Discovering "C:\\Users\\Dave\\Documents\\next\\memarya\\scripts\\sql\\0007b_courses_thumbnail_text.sql"
2025-10-25T07:42:11.391476Z  INFO scan_sources: tailwindcss_oxide::scanner: Discovering "C:\\Users\\Dave\\Documents\\next\\memarya\\scripts\\sql\\0007_courses_thumbnail_text.sql"
2025-10-25T07:42:11.392495Z  INFO scan_sources: tailwindcss_oxide::scanner: Discovering "C:\\Users\\Dave\\Documents\\next\\memarya\\scripts\\sql\\0008b_add_user_fk.sql"
2025-10-25T07:42:11.392941Z  INFO scan_sources: tailwindcss_oxide::scanner: Discovering "C:\\Users\\Dave\\Documents\\next\\memarya\\scripts\\sql\\0008_auth_user_fk_text.sql"
2025-10-25T07:42:11.393416Z  INFO scan_sources: tailwindcss_oxide::scanner: Discovering "C:\\Users\\Dave\\Documents\\next\\memarya\\scripts\\sql\\0009_add_course_category.sql"
2025-10-25T07:42:11.393637Z  INFO scan_sources: tailwindcss_oxide::scanner: Discovering "C:\\Users\\Dave\\Documents\\next\\memarya\\scripts\\sql\\0010_assessments.sql"
2025-10-25T07:42:11.393957Z  INFO scan_sources: tailwindcss_oxide::scanner: Discovering "C:\\Users\\Dave\\Documents\\next\\memarya\\scripts\\test-enroll.ts"
2025-10-25T07:42:11.394160Z  INFO scan_sources: tailwindcss_oxide::scanner: Discovering "C:\\Users\\Dave\\Documents\\next\\memarya\\scripts\\test-insert-course.ts"
2025-10-25T07:42:11.394504Z  INFO scan_sources: tailwindcss_oxide::scanner: Discovering "C:\\Users\\Dave\\Documents\\next\\memarya\\src"
2025-10-25T07:42:11.395570Z  INFO scan_sources: tailwindcss_oxide::scanner: Discovering "C:\\Users\\Dave\\Documents\\next\\memarya\\src\\app"
2025-10-25T07:42:11.396165Z  INFO scan_sources: tailwindcss_oxide::scanner: Discovering "C:\\Users\\Dave\\Documents\\next\\memarya\\src\\app\\admin"
2025-10-25T07:42:11.396947Z  INFO scan_sources: tailwindcss_oxide::scanner: Discovering "C:\\Users\\Dave\\Documents\\next\\memarya\\src\\app\\admin\\courses"
2025-10-25T07:42:11.397503Z  INFO scan_sources: tailwindcss_oxide::scanner: Discovering "C:\\Users\\Dave\\Documents\\next\\memarya\\src\\app\\admin\\courses\\new"
2025-10-25T07:42:11.397800Z  INFO scan_sources: tailwindcss_oxide::scanner: Discovering "C:\\Users\\Dave\\Documents\\next\\memarya\\src\\app\\admin\\courses\\new\\page.tsx"
2025-10-25T07:42:11.398007Z  INFO scan_sources: tailwindcss_oxide::scanner: Discovering "C:\\Users\\Dave\\Documents\\next\\memarya\\src\\app\\admin\\courses\\page.tsx"
2025-10-25T07:42:11.398315Z  INFO scan_sources: tailwindcss_oxide::scanner: Discovering "C:\\Users\\Dave\\Documents\\next\\memarya\\src\\app\\admin\\courses\\[id]"
2025-10-25T07:42:11.398674Z  INFO scan_sources: tailwindcss_oxide::scanner: Discovering "C:\\Users\\Dave\\Documents\\next\\memarya\\src\\app\\admin\\courses\\[id]\\edit"
2025-10-25T07:42:11.398930Z  INFO scan_sources: tailwindcss_oxide::scanner: Discovering "C:\\Users\\Dave\\Documents\\next\\memarya\\src\\app\\admin\\courses\\[id]\\edit\\page.tsx"
2025-10-25T07:42:11.399298Z  INFO scan_sources: tailwindcss_oxide::scanner: Discovering "C:\\Users\\Dave\\Documents\\next\\memarya\\src\\app\\admin\\users"
2025-10-25T07:42:11.399583Z  INFO scan_sources: tailwindcss_oxide::scanner: Discovering "C:\\Users\\Dave\\Documents\\next\\memarya\\src\\app\\admin\\users\\page.tsx"
2025-10-25T07:42:11.400016Z  INFO scan_sources: tailwindcss_oxide::scanner: Discovering "C:\\Users\\Dave\\Documents\\next\\memarya\\src\\app\\api"
2025-10-25T07:42:11.400442Z  INFO scan_sources: tailwindcss_oxide::scanner: Discovering "C:\\Users\\Dave\\Documents\\next\\memarya\\src\\app\\api\\admin"
2025-10-25T07:42:11.400790Z  INFO scan_sources: tailwindcss_oxide::scanner: Discovering "C:\\Users\\Dave\\Documents\\next\\memarya\\src\\app\\api\\admin\\courses"
2025-10-25T07:42:11.401061Z  INFO scan_sources: tailwindcss_oxide::scanner: Discovering "C:\\Users\\Dave\\Documents\\next\\memarya\\src\\app\\api\\admin\\courses\\route.ts"
2025-10-25T07:42:11.401433Z  INFO scan_sources: tailwindcss_oxide::scanner: Discovering "C:\\Users\\Dave\\Documents\\next\\memarya\\src\\app\\api\\admin\\courses\\[id]"
2025-10-25T07:42:11.401804Z  INFO scan_sources: tailwindcss_oxide::scanner: Discovering "C:\\Users\\Dave\\Documents\\next\\memarya\\src\\app\\api\\admin\\courses\\[id]\\flashcards"
2025-10-25T07:42:11.402145Z  INFO scan_sources: tailwindcss_oxide::scanner: Discovering "C:\\Users\\Dave\\Documents\\next\\memarya\\src\\app\\api\\admin\\courses\\[id]\\flashcards\\route.ts"
2025-10-25T07:42:11.402488Z  INFO scan_sources: tailwindcss_oxide::scanner: Discovering "C:\\Users\\Dave\\Documents\\next\\memarya\\src\\app\\api\\admin\\courses\\[id]\\lessons"
2025-10-25T07:42:11.402883Z  INFO scan_sources: tailwindcss_oxide::scanner: Discovering "C:\\Users\\Dave\\Documents\\next\\memarya\\src\\app\\api\\admin\\courses\\[id]\\lessons\\route.ts"
2025-10-25T07:42:11.403200Z  INFO scan_sources: tailwindcss_oxide::scanner: Discovering "C:\\Users\\Dave\\Documents\\next\\memarya\\src\\app\\api\\admin\\courses\\[id]\\quiz"
2025-10-25T07:42:11.403592Z  INFO scan_sources: tailwindcss_oxide::scanner: Discovering "C:\\Users\\Dave\\Documents\\next\\memarya\\src\\app\\api\\admin\\courses\\[id]\\quiz\\questions"
2025-10-25T07:42:11.403860Z  INFO scan_sources: tailwindcss_oxide::scanner: Discovering "C:\\Users\\Dave\\Documents\\next\\memarya\\src\\app\\api\\admin\\courses\\[id]\\quiz\\questions\\route.ts"
2025-10-25T07:42:11.404097Z  INFO scan_sources: tailwindcss_oxide::scanner: Discovering "C:\\Users\\Dave\\Documents\\next\\memarya\\src\\app\\api\\admin\\courses\\[id]\\quiz\\route.ts"
2025-10-25T07:42:11.404338Z  INFO scan_sources: tailwindcss_oxide::scanner: Discovering "C:\\Users\\Dave\\Documents\\next\\memarya\\src\\app\\api\\admin\\courses\\[id]\\route.ts"
2025-10-25T07:42:11.408122Z  INFO scan_sources: tailwindcss_oxide::scanner: Discovering "C:\\Users\\Dave\\Documents\\next\\memarya\\src\\app\\api\\admin\\lessons"
2025-10-25T07:42:11.408658Z  INFO scan_sources: tailwindcss_oxide::scanner: Discovering "C:\\Users\\Dave\\Documents\\next\\memarya\\src\\app\\api\\admin\\lessons\\components"
2025-10-25T07:42:11.410322Z  INFO scan_sources: tailwindcss_oxide::scanner: Discovering "C:\\Users\\Dave\\Documents\\next\\memarya\\src\\app\\api\\admin\\lessons\\components\\[id]"
2025-10-25T07:42:11.411258Z  INFO scan_sources: tailwindcss_oxide::scanner: Discovering "C:\\Users\\Dave\\Documents\\next\\memarya\\src\\app\\api\\admin\\lessons\\components\\[id]\\route.ts"
2025-10-25T07:42:11.411725Z  INFO scan_sources: tailwindcss_oxide::scanner: Discovering "C:\\Users\\Dave\\Documents\\next\\memarya\\src\\app\\api\\admin\\lessons\\[lessonId]"
2025-10-25T07:42:11.412368Z  INFO scan_sources: tailwindcss_oxide::scanner: Discovering "C:\\Users\\Dave\\Documents\\next\\memarya\\src\\app\\api\\admin\\lessons\\[lessonId]\\components"
2025-10-25T07:42:11.412974Z  INFO scan_sources: tailwindcss_oxide::scanner: Discovering "C:\\Users\\Dave\\Documents\\next\\memarya\\src\\app\\api\\admin\\lessons\\[lessonId]\\components\\route.ts"
2025-10-25T07:42:11.413187Z  INFO scan_sources: tailwindcss_oxide::scanner: Discovering "C:\\Users\\Dave\\Documents\\next\\memarya\\src\\app\\api\\admin\\lessons\\[lessonId]\\route.ts"
2025-10-25T07:42:11.413749Z  INFO scan_sources: tailwindcss_oxide::scanner: Discovering "C:\\Users\\Dave\\Documents\\next\\memarya\\src\\app\\api\\admin\\quizzes"
2025-10-25T07:42:11.414159Z  INFO scan_sources: tailwindcss_oxide::scanner: Discovering "C:\\Users\\Dave\\Documents\\next\\memarya\\src\\app\\api\\admin\\quizzes\\route.ts"
2025-10-25T07:42:11.414464Z  INFO scan_sources: tailwindcss_oxide::scanner: Discovering "C:\\Users\\Dave\\Documents\\next\\memarya\\src\\app\\api\\admin\\register"
2025-10-25T07:42:11.414766Z  INFO scan_sources: tailwindcss_oxide::scanner: Discovering "C:\\Users\\Dave\\Documents\\next\\memarya\\src\\app\\api\\admin\\register\\route.ts"
2025-10-25T07:42:11.415344Z  INFO scan_sources: tailwindcss_oxide::scanner: Discovering "C:\\Users\\Dave\\Documents\\next\\memarya\\src\\app\\api\\auth"
2025-10-25T07:42:11.415802Z  INFO scan_sources: tailwindcss_oxide::scanner: Discovering "C:\\Users\\Dave\\Documents\\next\\memarya\\src\\app\\api\\auth\\[...all]"
2025-10-25T07:42:11.416109Z  INFO scan_sources: tailwindcss_oxide::scanner: Discovering "C:\\Users\\Dave\\Documents\\next\\memarya\\src\\app\\api\\auth\\[...all]\\route.ts"
2025-10-25T07:42:11.416488Z  INFO scan_sources: tailwindcss_oxide::scanner: Discovering "C:\\Users\\Dave\\Documents\\next\\memarya\\src\\app\\api\\certificates"
2025-10-25T07:42:11.416898Z  INFO scan_sources: tailwindcss_oxide::scanner: Discovering "C:\\Users\\Dave\\Documents\\next\\memarya\\src\\app\\api\\certificates\\[courseId]"
2025-10-25T07:42:11.464692Z  INFO scan_sources: tailwindcss_oxide::scanner: Discovering "C:\\Users\\Dave\\Documents\\next\\memarya\\src\\app\\api\\certificates\\[courseId]\\pdf"
2025-10-25T07:42:11.466256Z  INFO scan_sources: tailwindcss_oxide::scanner: Discovering "C:\\Users\\Dave\\Documents\\next\\memarya\\src\\app\\api\\certificates\\[courseId]\\pdf\\route.ts"
2025-10-25T07:42:11.466621Z  INFO scan_sources: tailwindcss_oxide::scanner: Discovering "C:\\Users\\Dave\\Documents\\next\\memarya\\src\\app\\api\\courses"
2025-10-25T07:42:11.467023Z  INFO scan_sources: tailwindcss_oxide::scanner: Discovering "C:\\Users\\Dave\\Documents\\next\\memarya\\src\\app\\api\\courses\\categories"
2025-10-25T07:42:11.467468Z  INFO scan_sources: tailwindcss_oxide::scanner: Discovering "C:\\Users\\Dave\\Documents\\next\\memarya\\src\\app\\api\\courses\\categories\\route.ts"
2025-10-25T07:42:11.467643Z  INFO scan_sources: tailwindcss_oxide::scanner: Discovering "C:\\Users\\Dave\\Documents\\next\\memarya\\src\\app\\api\\courses\\route.ts"
2025-10-25T07:42:11.467837Z  INFO scan_sources: tailwindcss_oxide::scanner: Discovering "C:\\Users\\Dave\\Documents\\next\\memarya\\src\\app\\api\\courses\\[id]"
2025-10-25T07:42:11.468070Z  INFO scan_sources: tailwindcss_oxide::scanner: Discovering "C:\\Users\\Dave\\Documents\\next\\memarya\\src\\app\\api\\courses\\[id]\\route.ts"
2025-10-25T07:42:11.468335Z  INFO scan_sources: tailwindcss_oxide::scanner: Discovering "C:\\Users\\Dave\\Documents\\next\\memarya\\src\\app\\api\\enrollments"
2025-10-25T07:42:11.468596Z  INFO scan_sources: tailwindcss_oxide::scanner: Discovering "C:\\Users\\Dave\\Documents\\next\\memarya\\src\\app\\api\\enrollments\\route.ts"
2025-10-25T07:42:11.469348Z  INFO scan_sources: tailwindcss_oxide::scanner: Discovering "C:\\Users\\Dave\\Documents\\next\\memarya\\src\\app\\api\\ide"
2025-10-25T07:42:11.469687Z  INFO scan_sources: tailwindcss_oxide::scanner: Discovering "C:\\Users\\Dave\\Documents\\next\\memarya\\src\\app\\api\\ide\\run"
2025-10-25T07:42:11.469927Z  INFO scan_sources: tailwindcss_oxide::scanner: Discovering "C:\\Users\\Dave\\Documents\\next\\memarya\\src\\app\\api\\ide\\run\\route.ts"
2025-10-25T07:42:11.470168Z  INFO scan_sources: tailwindcss_oxide::scanner: Discovering "C:\\Users\\Dave\\Documents\\next\\memarya\\src\\app\\api\\ide\\runtimes"
2025-10-25T07:42:11.470399Z  INFO scan_sources: tailwindcss_oxide::scanner: Discovering "C:\\Users\\Dave\\Documents\\next\\memarya\\src\\app\\api\\ide\\runtimes\\route.ts"
2025-10-25T07:42:11.470632Z  INFO scan_sources: tailwindcss_oxide::scanner: Discovering "C:\\Users\\Dave\\Documents\\next\\memarya\\src\\app\\api\\ide\\snippets"
2025-10-25T07:42:11.470863Z  INFO scan_sources: tailwindcss_oxide::scanner: Discovering "C:\\Users\\Dave\\Documents\\next\\memarya\\src\\app\\api\\ide\\snippets\\route.ts"
2025-10-25T07:42:11.471056Z  INFO scan_sources: tailwindcss_oxide::scanner: Discovering "C:\\Users\\Dave\\Documents\\next\\memarya\\src\\app\\api\\ide\\snippets\\[shareId]"
2025-10-25T07:42:11.473599Z  INFO scan_sources: tailwindcss_oxide::scanner: Discovering "C:\\Users\\Dave\\Documents\\next\\memarya\\src\\app\\api\\ide\\snippets\\[shareId]\\route.ts"
2025-10-25T07:42:11.474045Z  INFO scan_sources: tailwindcss_oxide::scanner: Discovering "C:\\Users\\Dave\\Documents\\next\\memarya\\src\\app\\api\\learn"
2025-10-25T07:42:11.474635Z  INFO scan_sources: tailwindcss_oxide::scanner: Discovering "C:\\Users\\Dave\\Documents\\next\\memarya\\src\\app\\api\\learn\\[courseId]"
2025-10-25T07:42:11.475285Z  INFO scan_sources: tailwindcss_oxide::scanner: Discovering "C:\\Users\\Dave\\Documents\\next\\memarya\\src\\app\\api\\learn\\[courseId]\\flashcards"
2025-10-25T07:42:11.475838Z  INFO scan_sources: tailwindcss_oxide::scanner: Discovering "C:\\Users\\Dave\\Documents\\next\\memarya\\src\\app\\api\\learn\\[courseId]\\flashcards\\route.ts"
2025-10-25T07:42:11.476345Z  INFO scan_sources: tailwindcss_oxide::scanner: Discovering "C:\\Users\\Dave\\Documents\\next\\memarya\\src\\app\\api\\learn\\[courseId]\\quiz"
2025-10-25T07:42:11.476834Z  INFO scan_sources: tailwindcss_oxide::scanner: Discovering "C:\\Users\\Dave\\Documents\\next\\memarya\\src\\app\\api\\learn\\[courseId]\\quiz\\route.ts"
2025-10-25T07:42:11.477069Z  INFO scan_sources: tailwindcss_oxide::scanner: Discovering "C:\\Users\\Dave\\Documents\\next\\memarya\\src\\app\\api\\learn\\[courseId]\\quiz\\submit"
2025-10-25T07:42:11.477346Z  INFO scan_sources: tailwindcss_oxide::scanner: Discovering "C:\\Users\\Dave\\Documents\\next\\memarya\\src\\app\\api\\learn\\[courseId]\\quiz\\submit\\route.ts"
2025-10-25T07:42:11.477652Z  INFO scan_sources: tailwindcss_oxide::scanner: Discovering "C:\\Users\\Dave\\Documents\\next\\memarya\\src\\app\\api\\learn\\[courseId]\\quiz-results"
2025-10-25T07:42:11.477911Z  INFO scan_sources: tailwindcss_oxide::scanner: Discovering "C:\\Users\\Dave\\Documents\\next\\memarya\\src\\app\\api\\learn\\[courseId]\\quiz-results\\route.ts"
2025-10-25T07:42:11.478153Z  INFO scan_sources: tailwindcss_oxide::scanner: Discovering "C:\\Users\\Dave\\Documents\\next\\memarya\\src\\app\\api\\learn\\[courseId]\\[lessonId]"
2025-10-25T07:42:11.478473Z  INFO scan_sources: tailwindcss_oxide::scanner: Discovering "C:\\Users\\Dave\\Documents\\next\\memarya\\src\\app\\api\\learn\\[courseId]\\[lessonId]\\components"
2025-10-25T07:42:11.478712Z  INFO scan_sources: tailwindcss_oxide::scanner: Discovering "C:\\Users\\Dave\\Documents\\next\\memarya\\src\\app\\api\\learn\\[courseId]\\[lessonId]\\components\\route.ts"
2025-10-25T07:42:11.478947Z  INFO scan_sources: tailwindcss_oxide::scanner: Discovering "C:\\Users\\Dave\\Documents\\next\\memarya\\src\\app\\api\\learn\\[courseId]\\[lessonId]\\quiz"
2025-10-25T07:42:11.479185Z  INFO scan_sources: tailwindcss_oxide::scanner: Discovering "C:\\Users\\Dave\\Documents\\next\\memarya\\src\\app\\api\\learn\\[courseId]\\[lessonId]\\quiz\\route.ts"
2025-10-25T07:42:11.479390Z  INFO scan_sources: tailwindcss_oxide::scanner: Discovering "C:\\Users\\Dave\\Documents\\next\\memarya\\src\\app\\api\\learn\\[courseId]\\[lessonId]\\quiz\\submit"
2025-10-25T07:42:11.479769Z  INFO scan_sources: tailwindcss_oxide::scanner: Discovering "C:\\Users\\Dave\\Documents\\next\\memarya\\src\\app\\api\\learn\\[courseId]\\[lessonId]\\quiz\\submit\\route.ts"
2025-10-25T07:42:11.479990Z  INFO scan_sources: tailwindcss_oxide::scanner: Discovering "C:\\Users\\Dave\\Documents\\next\\memarya\\src\\app\\api\\learn\\[courseId]\\[lessonId]\\route.ts"
2025-10-25T07:42:11.480537Z  INFO scan_sources: tailwindcss_oxide::scanner: Discovering "C:\\Users\\Dave\\Documents\\next\\memarya\\src\\app\\api\\profile"
2025-10-25T07:42:11.480815Z  INFO scan_sources: tailwindcss_oxide::scanner: Discovering "C:\\Users\\Dave\\Documents\\next\\memarya\\src\\app\\api\\profile\\route.ts"
2025-10-25T07:42:11.481074Z  INFO scan_sources: tailwindcss_oxide::scanner: Discovering "C:\\Users\\Dave\\Documents\\next\\memarya\\src\\app\\api\\progress"
2025-10-25T07:42:11.481301Z  INFO scan_sources: tailwindcss_oxide::scanner: Discovering "C:\\Users\\Dave\\Documents\\next\\memarya\\src\\app\\api\\progress\\route.ts"
2025-10-25T07:42:11.481541Z  INFO scan_sources: tailwindcss_oxide::scanner: Discovering "C:\\Users\\Dave\\Documents\\next\\memarya\\src\\app\\api\\settings"
2025-10-25T07:42:11.481840Z  INFO scan_sources: tailwindcss_oxide::scanner: Discovering "C:\\Users\\Dave\\Documents\\next\\memarya\\src\\app\\api\\settings\\email"
2025-10-25T07:42:11.482064Z  INFO scan_sources: tailwindcss_oxide::scanner: Discovering "C:\\Users\\Dave\\Documents\\next\\memarya\\src\\app\\api\\settings\\email\\route.ts"
2025-10-25T07:42:11.482298Z  INFO scan_sources: tailwindcss_oxide::scanner: Discovering "C:\\Users\\Dave\\Documents\\next\\memarya\\src\\app\\api\\settings\\password"
2025-10-25T07:42:11.482543Z  INFO scan_sources: tailwindcss_oxide::scanner: Discovering "C:\\Users\\Dave\\Documents\\next\\memarya\\src\\app\\api\\settings\\password\\route.ts"
2025-10-25T07:42:11.483245Z  INFO scan_sources: tailwindcss_oxide::scanner: Discovering "C:\\Users\\Dave\\Documents\\next\\memarya\\src\\app\\auth"
2025-10-25T07:42:11.483600Z  INFO scan_sources: tailwindcss_oxide::scanner: Discovering "C:\\Users\\Dave\\Documents\\next\\memarya\\src\\app\\auth\\admin-register"
2025-10-25T07:42:11.483849Z  INFO scan_sources: tailwindcss_oxide::scanner: Discovering "C:\\Users\\Dave\\Documents\\next\\memarya\\src\\app\\auth\\admin-register\\page.tsx"
2025-10-25T07:42:11.484014Z  INFO scan_sources: tailwindcss_oxide::scanner: Discovering "C:\\Users\\Dave\\Documents\\next\\memarya\\src\\app\\auth\\page.tsx"
2025-10-25T07:42:11.484293Z  INFO scan_sources: tailwindcss_oxide::scanner: Discovering "C:\\Users\\Dave\\Documents\\next\\memarya\\src\\app\\courses"
2025-10-25T07:42:11.484575Z  INFO scan_sources: tailwindcss_oxide::scanner: Discovering "C:\\Users\\Dave\\Documents\\next\\memarya\\src\\app\\courses\\page.tsx"
2025-10-25T07:42:11.484790Z  INFO scan_sources: tailwindcss_oxide::scanner: Discovering "C:\\Users\\Dave\\Documents\\next\\memarya\\src\\app\\courses\\[id]"
2025-10-25T07:42:11.485119Z  INFO scan_sources: tailwindcss_oxide::scanner: Discovering "C:\\Users\\Dave\\Documents\\next\\memarya\\src\\app\\courses\\[id]\\certificate"
2025-10-25T07:42:11.485361Z  INFO scan_sources: tailwindcss_oxide::scanner: Discovering "C:\\Users\\Dave\\Documents\\next\\memarya\\src\\app\\courses\\[id]\\certificate\\page.tsx"
2025-10-25T07:42:11.485532Z  INFO scan_sources: tailwindcss_oxide::scanner: Discovering "C:\\Users\\Dave\\Documents\\next\\memarya\\src\\app\\courses\\[id]\\page.tsx"
2025-10-25T07:42:11.485808Z  INFO scan_sources: tailwindcss_oxide::scanner: Discovering "C:\\Users\\Dave\\Documents\\next\\memarya\\src\\app\\dashboard"
2025-10-25T07:42:11.486059Z  INFO scan_sources: tailwindcss_oxide::scanner: Discovering "C:\\Users\\Dave\\Documents\\next\\memarya\\src\\app\\dashboard\\page.tsx"
2025-10-25T07:42:11.486226Z  INFO scan_sources: tailwindcss_oxide::scanner: Discovering "C:\\Users\\Dave\\Documents\\next\\memarya\\src\\app\\globals.css"
2025-10-25T07:42:11.486441Z  INFO scan_sources: tailwindcss_oxide::scanner: Discovering "C:\\Users\\Dave\\Documents\\next\\memarya\\src\\app\\ide"
2025-10-25T07:42:11.487210Z  INFO scan_sources: tailwindcss_oxide::scanner: Discovering "C:\\Users\\Dave\\Documents\\next\\memarya\\src\\app\\ide\\page.tsx"
2025-10-25T07:42:11.487446Z  INFO scan_sources: tailwindcss_oxide::scanner: Discovering "C:\\Users\\Dave\\Documents\\next\\memarya\\src\\app\\layout.tsx"
2025-10-25T07:42:11.494116Z  INFO scan_sources: tailwindcss_oxide::scanner: Discovering "C:\\Users\\Dave\\Documents\\next\\memarya\\src\\app\\learn"
2025-10-25T07:42:11.494566Z  INFO scan_sources: tailwindcss_oxide::scanner: Discovering "C:\\Users\\Dave\\Documents\\next\\memarya\\src\\app\\learn\\[courseId]"
2025-10-25T07:42:11.494932Z  INFO scan_sources: tailwindcss_oxide::scanner: Discovering "C:\\Users\\Dave\\Documents\\next\\memarya\\src\\app\\learn\\[courseId]\\flashcards"
2025-10-25T07:42:11.495964Z  INFO scan_sources: tailwindcss_oxide::scanner: Discovering "C:\\Users\\Dave\\Documents\\next\\memarya\\src\\app\\learn\\[courseId]\\flashcards\\page.tsx"
2025-10-25T07:42:11.496443Z  INFO scan_sources: tailwindcss_oxide::scanner: Discovering "C:\\Users\\Dave\\Documents\\next\\memarya\\src\\app\\learn\\[courseId]\\quiz"
2025-10-25T07:42:11.496877Z  INFO scan_sources: tailwindcss_oxide::scanner: Discovering "C:\\Users\\Dave\\Documents\\next\\memarya\\src\\app\\learn\\[courseId]\\quiz\\page.tsx"
2025-10-25T07:42:11.497432Z  INFO scan_sources: tailwindcss_oxide::scanner: Discovering "C:\\Users\\Dave\\Documents\\next\\memarya\\src\\app\\learn\\[courseId]\\[lessonId]"
2025-10-25T07:42:11.497781Z  INFO scan_sources: tailwindcss_oxide::scanner: Discovering "C:\\Users\\Dave\\Documents\\next\\memarya\\src\\app\\learn\\[courseId]\\[lessonId]\\page.tsx"
2025-10-25T07:42:11.498004Z  INFO scan_sources: tailwindcss_oxide::scanner: Discovering "C:\\Users\\Dave\\Documents\\next\\memarya\\src\\app\\learn\\[courseId]\\[lessonId]\\quiz"
2025-10-25T07:42:11.498282Z  INFO scan_sources: tailwindcss_oxide::scanner: Discovering "C:\\Users\\Dave\\Documents\\next\\memarya\\src\\app\\learn\\[courseId]\\[lessonId]\\quiz\\page.tsx"
2025-10-25T07:42:11.498584Z  INFO scan_sources: tailwindcss_oxide::scanner: Discovering "C:\\Users\\Dave\\Documents\\next\\memarya\\src\\app\\not-found.tsx"
2025-10-25T07:42:11.498711Z  INFO scan_sources: tailwindcss_oxide::scanner: Discovering "C:\\Users\\Dave\\Documents\\next\\memarya\\src\\app\\page.tsx"
2025-10-25T07:42:11.498919Z  INFO scan_sources: tailwindcss_oxide::scanner: Discovering "C:\\Users\\Dave\\Documents\\next\\memarya\\src\\app\\profile"
2025-10-25T07:42:11.499244Z  INFO scan_sources: tailwindcss_oxide::scanner: Discovering "C:\\Users\\Dave\\Documents\\next\\memarya\\src\\app\\profile\\edit"
2025-10-25T07:42:11.499495Z  INFO scan_sources: tailwindcss_oxide::scanner: Discovering "C:\\Users\\Dave\\Documents\\next\\memarya\\src\\app\\profile\\edit\\page.tsx"
2025-10-25T07:42:11.499679Z  INFO scan_sources: tailwindcss_oxide::scanner: Discovering "C:\\Users\\Dave\\Documents\\next\\memarya\\src\\app\\profile\\page.tsx"
2025-10-25T07:42:11.500000Z  INFO scan_sources: tailwindcss_oxide::scanner: Discovering "C:\\Users\\Dave\\Documents\\next\\memarya\\src\\app\\settings"
2025-10-25T07:42:11.500275Z  INFO scan_sources: tailwindcss_oxide::scanner: Discovering "C:\\Users\\Dave\\Documents\\next\\memarya\\src\\app\\settings\\page.tsx"
2025-10-25T07:42:11.500491Z  INFO scan_sources: tailwindcss_oxide::scanner: Discovering "C:\\Users\\Dave\\Documents\\next\\memarya\\src\\auth-schema.ts"
2025-10-25T07:42:11.500696Z  INFO scan_sources: tailwindcss_oxide::scanner: Discovering "C:\\Users\\Dave\\Documents\\next\\memarya\\src\\components"
2025-10-25T07:42:11.501030Z  INFO scan_sources: tailwindcss_oxide::scanner: Discovering "C:\\Users\\Dave\\Documents\\next\\memarya\\src\\components\\admin"
2025-10-25T07:42:11.501271Z  INFO scan_sources: tailwindcss_oxide::scanner: Discovering "C:\\Users\\Dave\\Documents\\next\\memarya\\src\\components\\admin\\edit-component-modal.tsx"
2025-10-25T07:42:11.501519Z  INFO scan_sources: tailwindcss_oxide::scanner: Discovering "C:\\Users\\Dave\\Documents\\next\\memarya\\src\\components\\auth"
2025-10-25T07:42:11.501767Z  INFO scan_sources: tailwindcss_oxide::scanner: Discovering "C:\\Users\\Dave\\Documents\\next\\memarya\\src\\components\\auth\\login.tsx"
2025-10-25T07:42:11.501883Z  INFO scan_sources: tailwindcss_oxide::scanner: Discovering "C:\\Users\\Dave\\Documents\\next\\memarya\\src\\components\\auth\\register.tsx"
2025-10-25T07:42:11.501998Z  INFO scan_sources: tailwindcss_oxide::scanner: Discovering "C:\\Users\\Dave\\Documents\\next\\memarya\\src\\components\\auth\\social.tsx"
2025-10-25T07:42:11.502245Z  INFO scan_sources: tailwindcss_oxide::scanner: Discovering "C:\\Users\\Dave\\Documents\\next\\memarya\\src\\components\\layout"
2025-10-25T07:42:11.502549Z  INFO scan_sources: tailwindcss_oxide::scanner: Discovering "C:\\Users\\Dave\\Documents\\next\\memarya\\src\\components\\layout\\header-wrapper.tsx"
2025-10-25T07:42:11.502750Z  INFO scan_sources: tailwindcss_oxide::scanner: Discovering "C:\\Users\\Dave\\Documents\\next\\memarya\\src\\components\\layout\\header.tsx"
2025-10-25T07:42:11.503027Z  INFO scan_sources: tailwindcss_oxide::scanner: Discovering "C:\\Users\\Dave\\Documents\\next\\memarya\\src\\components\\learn"
2025-10-25T07:42:11.504103Z  INFO scan_sources: tailwindcss_oxide::scanner: Discovering "C:\\Users\\Dave\\Documents\\next\\memarya\\src\\components\\learn\\IDEExercise.tsx"
2025-10-25T07:42:11.504290Z  INFO scan_sources: tailwindcss_oxide::scanner: Discovering "C:\\Users\\Dave\\Documents\\next\\memarya\\src\\components\\learn\\mark-complete-button.tsx"
2025-10-25T07:42:11.504455Z  INFO scan_sources: tailwindcss_oxide::scanner: Discovering "C:\\Users\\Dave\\Documents\\next\\memarya\\src\\components\\learn\\QuizComponent.tsx"
2025-10-25T07:42:11.509632Z  INFO scan_sources: tailwindcss_oxide::scanner: Discovering "C:\\Users\\Dave\\Documents\\next\\memarya\\src\\components\\learn\\TerminalExercise.tsx"
2025-10-25T07:42:11.509808Z  INFO scan_sources: tailwindcss_oxide::scanner: Discovering "C:\\Users\\Dave\\Documents\\next\\memarya\\src\\components\\learn\\TextContent.tsx"
2025-10-25T07:42:11.509947Z  INFO scan_sources: tailwindcss_oxide::scanner: Discovering "C:\\Users\\Dave\\Documents\\next\\memarya\\src\\components\\learn\\VideoContent.tsx"
2025-10-25T07:42:11.510704Z  INFO scan_sources: tailwindcss_oxide::scanner: Discovering "C:\\Users\\Dave\\Documents\\next\\memarya\\src\\components\\theme-provider.tsx"
2025-10-25T07:42:11.511105Z  INFO scan_sources: tailwindcss_oxide::scanner: Discovering "C:\\Users\\Dave\\Documents\\next\\memarya\\src\\components\\ui"
2025-10-25T07:42:11.511887Z  INFO scan_sources: tailwindcss_oxide::scanner: Discovering "C:\\Users\\Dave\\Documents\\next\\memarya\\src\\components\\ui\\avatar.tsx"
2025-10-25T07:42:11.512415Z  INFO scan_sources: tailwindcss_oxide::scanner: Discovering "C:\\Users\\Dave\\Documents\\next\\memarya\\src\\components\\ui\\badge.tsx"
2025-10-25T07:42:11.512767Z  INFO scan_sources: tailwindcss_oxide::scanner: Discovering "C:\\Users\\Dave\\Documents\\next\\memarya\\src\\components\\ui\\button.tsx"
2025-10-25T07:42:11.512985Z  INFO scan_sources: tailwindcss_oxide::scanner: Discovering "C:\\Users\\Dave\\Documents\\next\\memarya\\src\\components\\ui\\card.tsx"
2025-10-25T07:42:11.513121Z  INFO scan_sources: tailwindcss_oxide::scanner: Discovering "C:\\Users\\Dave\\Documents\\next\\memarya\\src\\components\\ui\\checkbox.tsx"
2025-10-25T07:42:11.513275Z  INFO scan_sources: tailwindcss_oxide::scanner: Discovering "C:\\Users\\Dave\\Documents\\next\\memarya\\src\\components\\ui\\dialog.tsx"
2025-10-25T07:42:11.513860Z  INFO scan_sources: tailwindcss_oxide::scanner: Discovering "C:\\Users\\Dave\\Documents\\next\\memarya\\src\\components\\ui\\dropdown-menu.tsx"
2025-10-25T07:42:11.514042Z  INFO scan_sources: tailwindcss_oxide::scanner: Discovering "C:\\Users\\Dave\\Documents\\next\\memarya\\src\\components\\ui\\form.tsx"
2025-10-25T07:42:11.514298Z  INFO scan_sources: tailwindcss_oxide::scanner: Discovering "C:\\Users\\Dave\\Documents\\next\\memarya\\src\\components\\ui\\input.tsx"
2025-10-25T07:42:11.514545Z  INFO scan_sources: tailwindcss_oxide::scanner: Discovering "C:\\Users\\Dave\\Documents\\next\\memarya\\src\\components\\ui\\label.tsx"
2025-10-25T07:42:11.514702Z  INFO scan_sources: tailwindcss_oxide::scanner: Discovering "C:\\Users\\Dave\\Documents\\next\\memarya\\src\\components\\ui\\navigation-menu.tsx"
2025-10-25T07:42:11.514833Z  INFO scan_sources: tailwindcss_oxide::scanner: Discovering "C:\\Users\\Dave\\Documents\\next\\memarya\\src\\components\\ui\\progress.tsx"
2025-10-25T07:42:11.581379Z  INFO scan_sources: tailwindcss_oxide::scanner: Discovering "C:\\Users\\Dave\\Documents\\next\\memarya\\src\\components\\ui\\radio-group.tsx"
2025-10-25T07:42:11.581539Z  INFO scan_sources: tailwindcss_oxide::scanner: Discovering "C:\\Users\\Dave\\Documents\\next\\memarya\\src\\components\\ui\\select.tsx"
2025-10-25T07:42:11.581673Z  INFO scan_sources: tailwindcss_oxide::scanner: Discovering "C:\\Users\\Dave\\Documents\\next\\memarya\\src\\components\\ui\\skeleton.tsx"
2025-10-25T07:42:11.581793Z  INFO scan_sources: tailwindcss_oxide::scanner: Discovering "C:\\Users\\Dave\\Documents\\next\\memarya\\src\\components\\ui\\sonner.tsx"
2025-10-25T07:42:11.581911Z  INFO scan_sources: tailwindcss_oxide::scanner: Discovering "C:\\Users\\Dave\\Documents\\next\\memarya\\src\\components\\ui\\tabs.tsx"
2025-10-25T07:42:11.582026Z  INFO scan_sources: tailwindcss_oxide::scanner: Discovering "C:\\Users\\Dave\\Documents\\next\\memarya\\src\\components\\ui\\textarea.tsx"
2025-10-25T07:42:11.582145Z  INFO scan_sources: tailwindcss_oxide::scanner: Discovering "C:\\Users\\Dave\\Documents\\next\\memarya\\src\\components\\ui\\theme-toggle.tsx"
2025-10-25T07:42:11.582462Z  INFO scan_sources: tailwindcss_oxide::scanner: Discovering "C:\\Users\\Dave\\Documents\\next\\memarya\\src\\db"
2025-10-25T07:42:11.582714Z  INFO scan_sources: tailwindcss_oxide::scanner: Discovering "C:\\Users\\Dave\\Documents\\next\\memarya\\src\\db\\index.ts"
2025-10-25T07:42:11.582829Z  INFO scan_sources: tailwindcss_oxide::scanner: Discovering "C:\\Users\\Dave\\Documents\\next\\memarya\\src\\db\\schema.ts"
2025-10-25T07:42:11.583058Z  INFO scan_sources: tailwindcss_oxide::scanner: Discovering "C:\\Users\\Dave\\Documents\\next\\memarya\\src\\lib"
2025-10-25T07:42:11.583281Z  INFO scan_sources: tailwindcss_oxide::scanner: Discovering "C:\\Users\\Dave\\Documents\\next\\memarya\\src\\lib\\auth-client.ts"
2025-10-25T07:42:11.583402Z  INFO scan_sources: tailwindcss_oxide::scanner: Discovering "C:\\Users\\Dave\\Documents\\next\\memarya\\src\\lib\\auth.ts"
2025-10-25T07:42:11.583517Z  INFO scan_sources: tailwindcss_oxide::scanner: Discovering "C:\\Users\\Dave\\Documents\\next\\memarya\\src\\lib\\utils.ts"
2025-10-25T07:42:11.583736Z  INFO scan_sources: tailwindcss_oxide::scanner: Discovering "C:\\Users\\Dave\\Documents\\next\\memarya\\src\\middleware.ts"
2025-10-25T07:42:11.583944Z  INFO scan_sources: tailwindcss_oxide::scanner: Discovering "C:\\Users\\Dave\\Documents\\next\\memarya\\src\\pages"
2025-10-25T07:42:11.584264Z  INFO scan_sources: tailwindcss_oxide::scanner: Discovering "C:\\Users\\Dave\\Documents\\next\\memarya\\src\\pages\\api"
2025-10-25T07:42:11.584563Z  INFO scan_sources: tailwindcss_oxide::scanner: Discovering "C:\\Users\\Dave\\Documents\\next\\memarya\\src\\pages\\api\\lessons"
2025-10-25T07:42:11.584869Z  INFO scan_sources: tailwindcss_oxide::scanner: Discovering "C:\\Users\\Dave\\Documents\\next\\memarya\\src\\pages\\api\\lessons\\[lessonId]"
2025-10-25T07:42:11.585319Z  INFO scan_sources: tailwindcss_oxide::scanner: Discovering "C:\\Users\\Dave\\Documents\\next\\memarya\\src\\types"
2025-10-25T07:42:11.585596Z  INFO scan_sources: tailwindcss_oxide::scanner: Discovering "C:\\Users\\Dave\\Documents\\next\\memarya\\src\\types\\index.ts"
2025-10-25T07:42:11.585756Z  INFO scan_sources: tailwindcss_oxide::scanner: Discovering "C:\\Users\\Dave\\Documents\\next\\memarya\\src\\types\\pdfkit.d.ts"
2025-10-25T07:42:11.586162Z  INFO scan_sources: tailwindcss_oxide::scanner: Discovering "C:\\Users\\Dave\\Documents\\next\\memarya\\test-db.js"
2025-10-25T07:42:11.586394Z  INFO scan_sources: tailwindcss_oxide::scanner: Discovering "C:\\Users\\Dave\\Documents\\next\\memarya\\test-jspdf.js"
2025-10-25T07:42:11.587038Z  INFO scan_sources: tailwindcss_oxide::scanner: Discovering "C:\\Users\\Dave\\Documents\\next\\memarya\\tests"
2025-10-25T07:42:11.587294Z  INFO scan_sources: tailwindcss_oxide::scanner: Discovering "C:\\Users\\Dave\\Documents\\next\\memarya\\tests\\admin-courses.spec.ts"
2025-10-25T07:42:11.587481Z  INFO scan_sources: tailwindcss_oxide::scanner: Discovering "C:\\Users\\Dave\\Documents\\next\\memarya\\tests\\example.spec.ts"
2025-10-25T07:42:11.594445Z  INFO scan_sources: tailwindcss_oxide::scanner: Discovering "C:\\Users\\Dave\\Documents\\next\\memarya\\tsconfig.json"
2025-10-25T07:42:11.595552Z  INFO scan_sources: tailwindcss_oxide::scanner: exit
2025-10-25T07:42:11.595694Z  INFO extract_candidates: tailwindcss_oxide::scanner: enter
2025-10-25T07:42:11.595775Z  INFO extract_candidates:read_all_files: tailwindcss_oxide::scanner: enter
2025-10-25T07:42:11.595830Z  INFO extract_candidates:read_all_files: tailwindcss_oxide::scanner: Reading 142 file(s)
2025-10-25T07:42:11.796058Z  INFO tailwindcss_oxide::scanner: Reading "C:\\Users\\Dave\\Documents\\next\\memarya\\.github\\workflows\\playwright.yml"
2025-10-25T07:42:11.796494Z  INFO tailwindcss_oxide::scanner: Reading "C:\\Users\\Dave\\Documents\\next\\memarya\\.vscode\\settings.json"
2025-10-25T07:42:11.796755Z  INFO tailwindcss_oxide::scanner: Reading "C:\\Users\\Dave\\Documents\\next\\memarya\\auth-schema.ts"
2025-10-25T07:42:11.797231Z  INFO tailwindcss_oxide::scanner: Reading "C:\\Users\\Dave\\Documents\\next\\memarya\\components.json"
2025-10-25T07:42:11.797713Z  INFO tailwindcss_oxide::scanner: Reading "C:\\Users\\Dave\\Documents\\next\\memarya\\drizzle\\0000_medical_toad_men.sql"
2025-10-25T07:42:11.798112Z  INFO tailwindcss_oxide::scanner: Reading "C:\\Users\\Dave\\Documents\\next\\memarya\\drizzle\\0001_little_edwin_jarvis.sql"
2025-10-25T07:42:11.798501Z  INFO tailwindcss_oxide::scanner: Reading "C:\\Users\\Dave\\Documents\\next\\memarya\\drizzle\\0002_ambitious_leopardon.sql"
2025-10-25T07:42:11.798685Z  INFO tailwindcss_oxide::scanner: Reading "C:\\Users\\Dave\\Documents\\next\\memarya\\drizzle\\0002_profile_fields.sql"
2025-10-25T07:42:11.799057Z  INFO tailwindcss_oxide::scanner: Reading "C:\\Users\\Dave\\Documents\\next\\memarya\\drizzle\\0003_courses.sql"
2025-10-25T07:42:11.799240Z  INFO tailwindcss_oxide::scanner: Reading "C:\\Users\\Dave\\Documents\\next\\memarya\\drizzle\\0004_user_role.sql"
2025-10-25T07:42:11.799391Z  INFO tailwindcss_oxide::scanner: Reading "C:\\Users\\Dave\\Documents\\next\\memarya\\drizzle\\0005_snippets.sql"
2025-10-25T07:42:11.799561Z  INFO tailwindcss_oxide::scanner: Reading "C:\\Users\\Dave\\Documents\\next\\memarya\\drizzle\\0011_lesson_components.sql"
2025-10-25T07:42:11.799911Z  INFO tailwindcss_oxide::scanner: Reading "C:\\Users\\Dave\\Documents\\next\\memarya\\drizzle\\meta\\0000_snapshot.json"
2025-10-25T07:42:11.800306Z  INFO tailwindcss_oxide::scanner: Reading "C:\\Users\\Dave\\Documents\\next\\memarya\\drizzle\\meta\\0001_snapshot.json"
2025-10-25T07:42:11.800834Z  INFO tailwindcss_oxide::scanner: Reading "C:\\Users\\Dave\\Documents\\next\\memarya\\drizzle\\meta\\0002_snapshot.json"
2025-10-25T07:42:11.801100Z  INFO tailwindcss_oxide::scanner: Reading "C:\\Users\\Dave\\Documents\\next\\memarya\\drizzle\\meta\\_journal.json"
2025-10-25T07:42:11.801251Z  INFO tailwindcss_oxide::scanner: Reading "C:\\Users\\Dave\\Documents\\next\\memarya\\drizzle.config.ts"
2025-10-25T07:42:11.801387Z  INFO tailwindcss_oxide::scanner: Reading "C:\\Users\\Dave\\Documents\\next\\memarya\\eslint.config.mjs"
2025-10-25T07:42:11.801939Z  INFO tailwindcss_oxide::scanner: Reading "C:\\Users\\Dave\\Documents\\next\\memarya\\LICENSE"
2025-10-25T07:42:11.802073Z  INFO tailwindcss_oxide::scanner: Reading "C:\\Users\\Dave\\Documents\\next\\memarya\\next.config.ts"
2025-10-25T07:42:11.802184Z  INFO tailwindcss_oxide::scanner: Reading "C:\\Users\\Dave\\Documents\\next\\memarya\\package.json"
2025-10-25T07:42:11.802535Z  INFO tailwindcss_oxide::scanner: Reading "C:\\Users\\Dave\\Documents\\next\\memarya\\playwright.config.ts"
2025-10-25T07:42:11.802661Z  INFO tailwindcss_oxide::scanner: Reading "C:\\Users\\Dave\\Documents\\next\\memarya\\postcss.config.mjs"
2025-10-25T07:42:11.802811Z  INFO tailwindcss_oxide::scanner: Reading "C:\\Users\\Dave\\Documents\\next\\memarya\\public\\file.svg"
2025-10-25T07:42:11.803478Z  INFO tailwindcss_oxide::scanner: Reading "C:\\Users\\Dave\\Documents\\next\\memarya\\public\\globe.svg"
2025-10-25T07:42:11.852465Z  INFO tailwindcss_oxide::scanner: Reading "C:\\Users\\Dave\\Documents\\next\\memarya\\src\\app\\api\\learn\\[courseId]\\[lessonId]\\components\\route.ts"
2025-10-25T07:42:11.852628Z  INFO tailwindcss_oxide::scanner: Reading "C:\\Users\\Dave\\Documents\\next\\memarya\\public\\next.svg"
2025-10-25T07:42:11.852630Z  INFO tailwindcss_oxide::scanner: Reading "C:\\Users\\Dave\\Documents\\next\\memarya\\src\\app\\api\\learn\\[courseId]\\[lessonId]\\quiz\\route.ts"
2025-10-25T07:42:11.852764Z  INFO tailwindcss_oxide::scanner: Reading "C:\\Users\\Dave\\Documents\\next\\memarya\\src\\app\\api\\learn\\[courseId]\\[lessonId]\\quiz\\submit\\route.ts"
2025-10-25T07:42:11.852795Z  INFO tailwindcss_oxide::scanner: Reading "C:\\Users\\Dave\\Documents\\next\\memarya\\public\\vercel.svg"
2025-10-25T07:42:11.852875Z  INFO tailwindcss_oxide::scanner: Reading "C:\\Users\\Dave\\Documents\\next\\memarya\\src\\app\\api\\learn\\[courseId]\\[lessonId]\\route.ts"
2025-10-25T07:42:11.852937Z  INFO tailwindcss_oxide::scanner: Reading "C:\\Users\\Dave\\Documents\\next\\memarya\\public\\window.svg"
2025-10-25T07:42:11.852984Z  INFO tailwindcss_oxide::scanner: Reading "C:\\Users\\Dave\\Documents\\next\\memarya\\src\\app\\api\\profile\\route.ts"
2025-10-25T07:42:11.853093Z  INFO tailwindcss_oxide::scanner: Reading "C:\\Users\\Dave\\Documents\\next\\memarya\\src\\app\\api\\progress\\route.ts"
2025-10-25T07:42:11.853198Z  INFO tailwindcss_oxide::scanner: Reading "C:\\Users\\Dave\\Documents\\next\\memarya\\src\\app\\api\\settings\\email\\route.ts"
2025-10-25T07:42:11.853257Z  INFO tailwindcss_oxide::scanner: Reading "C:\\Users\\Dave\\Documents\\next\\memarya\\README.md"
2025-10-25T07:42:11.853295Z  INFO tailwindcss_oxide::scanner: Reading "C:\\Users\\Dave\\Documents\\next\\memarya\\src\\app\\api\\settings\\password\\route.ts"
2025-10-25T07:42:11.853395Z  INFO tailwindcss_oxide::scanner: Reading "C:\\Users\\Dave\\Documents\\next\\memarya\\src\\app\\auth\\admin-register\\page.tsx"
2025-10-25T07:42:11.853548Z  INFO tailwindcss_oxide::scanner: Reading "C:\\Users\\Dave\\Documents\\next\\memarya\\src\\app\\auth\\page.tsx"
2025-10-25T07:42:11.853578Z  INFO tailwindcss_oxide::scanner: Reading "C:\\Users\\Dave\\Documents\\next\\memarya\\scripts\\apply-sql.ts"
2025-10-25T07:42:11.853655Z  INFO tailwindcss_oxide::scanner: Reading "C:\\Users\\Dave\\Documents\\next\\memarya\\src\\app\\courses\\page.tsx"
2025-10-25T07:42:11.853752Z  INFO tailwindcss_oxide::scanner: Reading "C:\\Users\\Dave\\Documents\\next\\memarya\\src\\app\\courses\\[id]\\certificate\\page.tsx"
2025-10-25T07:42:11.853857Z  INFO tailwindcss_oxide::scanner: Reading "C:\\Users\\Dave\\Documents\\next\\memarya\\scripts\\promote-admin.ts"
2025-10-25T07:42:11.853871Z  INFO tailwindcss_oxide::scanner: Reading "C:\\Users\\Dave\\Documents\\next\\memarya\\src\\app\\courses\\[id]\\page.tsx"
2025-10-25T07:42:11.853970Z  INFO tailwindcss_oxide::scanner: Reading "C:\\Users\\Dave\\Documents\\next\\memarya\\src\\app\\dashboard\\page.tsx"
2025-10-25T07:42:11.854000Z  INFO tailwindcss_oxide::scanner: Reading "C:\\Users\\Dave\\Documents\\next\\memarya\\scripts\\s.ts"
2025-10-25T07:42:11.854072Z  INFO tailwindcss_oxide::scanner: Reading "C:\\Users\\Dave\\Documents\\next\\memarya\\src\\app\\ide\\page.tsx"
2025-10-25T07:42:11.854173Z  INFO tailwindcss_oxide::scanner: Reading "C:\\Users\\Dave\\Documents\\next\\memarya\\src\\app\\layout.tsx"
2025-10-25T07:42:11.856950Z  INFO tailwindcss_oxide::scanner: Reading "C:\\Users\\Dave\\Documents\\next\\memarya\\scripts\\seed-admin.ts"
2025-10-25T07:42:11.857094Z  INFO tailwindcss_oxide::scanner: Reading "C:\\Users\\Dave\\Documents\\next\\memarya\\src\\app\\learn\\[courseId]\\flashcards\\page.tsx"
2025-10-25T07:42:11.857266Z  INFO tailwindcss_oxide::scanner: Reading "C:\\Users\\Dave\\Documents\\next\\memarya\\src\\app\\learn\\[courseId]\\quiz\\page.tsx"
2025-10-25T07:42:11.857397Z  INFO tailwindcss_oxide::scanner: Reading "C:\\Users\\Dave\\Documents\\next\\memarya\\scripts\\sql\\0006_admin_plugin_fields.sql"
2025-10-25T07:42:11.857444Z  INFO tailwindcss_oxide::scanner: Reading "C:\\Users\\Dave\\Documents\\next\\memarya\\src\\app\\learn\\[courseId]\\[lessonId]\\page.tsx"
2025-10-25T07:42:11.857629Z  INFO tailwindcss_oxide::scanner: Reading "C:\\Users\\Dave\\Documents\\next\\memarya\\src\\app\\learn\\[courseId]\\[lessonId]\\quiz\\page.tsx"
2025-10-25T07:42:11.857759Z  INFO tailwindcss_oxide::scanner: Reading "C:\\Users\\Dave\\Documents\\next\\memarya\\src\\app\\not-found.tsx"
2025-10-25T07:42:11.857809Z  INFO tailwindcss_oxide::scanner: Reading "C:\\Users\\Dave\\Documents\\next\\memarya\\scripts\\sql\\0007b_courses_thumbnail_text.sql"
2025-10-25T07:42:11.857971Z  INFO tailwindcss_oxide::scanner: Reading "C:\\Users\\Dave\\Documents\\next\\memarya\\src\\app\\page.tsx"
2025-10-25T07:42:11.858353Z  INFO tailwindcss_oxide::scanner: Reading "C:\\Users\\Dave\\Documents\\next\\memarya\\src\\app\\profile\\edit\\page.tsx"
2025-10-25T07:42:11.858451Z  INFO tailwindcss_oxide::scanner: Reading "C:\\Users\\Dave\\Documents\\next\\memarya\\scripts\\sql\\0007_courses_thumbnail_text.sql"
2025-10-25T07:42:11.858510Z  INFO tailwindcss_oxide::scanner: Reading "C:\\Users\\Dave\\Documents\\next\\memarya\\src\\app\\profile\\page.tsx"
2025-10-25T07:42:11.858763Z  INFO tailwindcss_oxide::scanner: Reading "C:\\Users\\Dave\\Documents\\next\\memarya\\scripts\\sql\\0008b_add_user_fk.sql"
2025-10-25T07:42:11.858770Z  INFO tailwindcss_oxide::scanner: Reading "C:\\Users\\Dave\\Documents\\next\\memarya\\src\\app\\settings\\page.tsx"
2025-10-25T07:42:11.858942Z  INFO tailwindcss_oxide::scanner: Reading "C:\\Users\\Dave\\Documents\\next\\memarya\\src\\auth-schema.ts"
2025-10-25T07:42:11.859207Z  INFO tailwindcss_oxide::scanner: Reading "C:\\Users\\Dave\\Documents\\next\\memarya\\src\\components\\admin\\edit-component-modal.tsx"
2025-10-25T07:42:11.859282Z  INFO tailwindcss_oxide::scanner: Reading "C:\\Users\\Dave\\Documents\\next\\memarya\\scripts\\sql\\0008_auth_user_fk_text.sql"
2025-10-25T07:42:11.859389Z  INFO tailwindcss_oxide::scanner: Reading "C:\\Users\\Dave\\Documents\\next\\memarya\\src\\components\\auth\\login.tsx"
2025-10-25T07:42:11.859451Z  INFO tailwindcss_oxide::scanner: Reading "C:\\Users\\Dave\\Documents\\next\\memarya\\scripts\\sql\\0009_add_course_category.sql"
2025-10-25T07:42:11.859500Z  INFO tailwindcss_oxide::scanner: Reading "C:\\Users\\Dave\\Documents\\next\\memarya\\src\\components\\auth\\register.tsx"
2025-10-25T07:42:11.859609Z  INFO tailwindcss_oxide::scanner: Reading "C:\\Users\\Dave\\Documents\\next\\memarya\\src\\components\\auth\\social.tsx"
2025-10-25T07:42:11.859748Z  INFO tailwindcss_oxide::scanner: Reading "C:\\Users\\Dave\\Documents\\next\\memarya\\src\\components\\layout\\header-wrapper.tsx"
2025-10-25T07:42:11.859760Z  INFO tailwindcss_oxide::scanner: Reading "C:\\Users\\Dave\\Documents\\next\\memarya\\scripts\\sql\\0010_assessments.sql"
2025-10-25T07:42:11.859875Z  INFO tailwindcss_oxide::scanner: Reading "C:\\Users\\Dave\\Documents\\next\\memarya\\src\\components\\layout\\header.tsx"
2025-10-25T07:42:11.859986Z  INFO tailwindcss_oxide::scanner: Reading "C:\\Users\\Dave\\Documents\\next\\memarya\\src\\components\\learn\\IDEExercise.tsx"
2025-10-25T07:42:11.860049Z  INFO tailwindcss_oxide::scanner: Reading "C:\\Users\\Dave\\Documents\\next\\memarya\\scripts\\test-enroll.ts"
2025-10-25T07:42:11.860095Z  INFO tailwindcss_oxide::scanner: Reading "C:\\Users\\Dave\\Documents\\next\\memarya\\src\\components\\learn\\mark-complete-button.tsx"
2025-10-25T07:42:11.860202Z  INFO tailwindcss_oxide::scanner: Reading "C:\\Users\\Dave\\Documents\\next\\memarya\\src\\components\\learn\\QuizComponent.tsx"
2025-10-25T07:42:11.860313Z  INFO tailwindcss_oxide::scanner: Reading "C:\\Users\\Dave\\Documents\\next\\memarya\\src\\components\\learn\\TerminalExercise.tsx"
2025-10-25T07:42:11.860326Z  INFO tailwindcss_oxide::scanner: Reading "C:\\Users\\Dave\\Documents\\next\\memarya\\scripts\\test-insert-course.ts"
2025-10-25T07:42:11.860415Z  INFO tailwindcss_oxide::scanner: Reading "C:\\Users\\Dave\\Documents\\next\\memarya\\src\\components\\learn\\TextContent.tsx"
2025-10-25T07:42:11.860439Z  INFO tailwindcss_oxide::scanner: Reading "C:\\Users\\Dave\\Documents\\next\\memarya\\src\\app\\admin\\courses\\new\\page.tsx"
2025-10-25T07:42:11.860509Z  INFO tailwindcss_oxide::scanner: Reading "C:\\Users\\Dave\\Documents\\next\\memarya\\src\\components\\learn\\VideoContent.tsx"
2025-10-25T07:42:11.860546Z  INFO tailwindcss_oxide::scanner: Reading "C:\\Users\\Dave\\Documents\\next\\memarya\\src\\app\\admin\\courses\\page.tsx"
2025-10-25T07:42:11.860607Z  INFO tailwindcss_oxide::scanner: Reading "C:\\Users\\Dave\\Documents\\next\\memarya\\src\\components\\theme-provider.tsx"
2025-10-25T07:42:11.860683Z  INFO tailwindcss_oxide::scanner: Reading "C:\\Users\\Dave\\Documents\\next\\memarya\\src\\app\\admin\\courses\\[id]\\edit\\page.tsx"
2025-10-25T07:42:11.860717Z  INFO tailwindcss_oxide::scanner: Reading "C:\\Users\\Dave\\Documents\\next\\memarya\\src\\components\\ui\\avatar.tsx"
2025-10-25T07:42:11.860811Z  INFO tailwindcss_oxide::scanner: Reading "C:\\Users\\Dave\\Documents\\next\\memarya\\src\\components\\ui\\badge.tsx"
2025-10-25T07:42:11.860811Z  INFO tailwindcss_oxide::scanner: Reading "C:\\Users\\Dave\\Documents\\next\\memarya\\src\\app\\admin\\users\\page.tsx"
2025-10-25T07:42:11.860901Z  INFO tailwindcss_oxide::scanner: Reading "C:\\Users\\Dave\\Documents\\next\\memarya\\src\\components\\ui\\button.tsx"
2025-10-25T07:42:11.860919Z  INFO tailwindcss_oxide::scanner: Reading "C:\\Users\\Dave\\Documents\\next\\memarya\\src\\app\\api\\admin\\courses\\route.ts"
2025-10-25T07:42:11.860992Z  INFO tailwindcss_oxide::scanner: Reading "C:\\Users\\Dave\\Documents\\next\\memarya\\src\\components\\ui\\card.tsx"
2025-10-25T07:42:11.861024Z  INFO tailwindcss_oxide::scanner: Reading "C:\\Users\\Dave\\Documents\\next\\memarya\\src\\app\\api\\admin\\courses\\[id]\\flashcards\\route.ts"
2025-10-25T07:42:11.861086Z  INFO tailwindcss_oxide::scanner: Reading "C:\\Users\\Dave\\Documents\\next\\memarya\\src\\components\\ui\\checkbox.tsx"
2025-10-25T07:42:11.861163Z  INFO tailwindcss_oxide::scanner: Reading "C:\\Users\\Dave\\Documents\\next\\memarya\\src\\app\\api\\admin\\courses\\[id]\\lessons\\route.ts"
2025-10-25T07:42:11.861181Z  INFO tailwindcss_oxide::scanner: Reading "C:\\Users\\Dave\\Documents\\next\\memarya\\src\\components\\ui\\dialog.tsx"
2025-10-25T07:42:11.861270Z  INFO tailwindcss_oxide::scanner: Reading "C:\\Users\\Dave\\Documents\\next\\memarya\\src\\app\\api\\admin\\courses\\[id]\\quiz\\questions\\route.ts"
2025-10-25T07:42:11.861281Z  INFO tailwindcss_oxide::scanner: Reading "C:\\Users\\Dave\\Documents\\next\\memarya\\src\\components\\ui\\dropdown-menu.tsx"
2025-10-25T07:42:11.861370Z  INFO tailwindcss_oxide::scanner: Reading "C:\\Users\\Dave\\Documents\\next\\memarya\\src\\app\\api\\admin\\courses\\[id]\\quiz\\route.ts"
2025-10-25T07:42:11.861378Z  INFO tailwindcss_oxide::scanner: Reading "C:\\Users\\Dave\\Documents\\next\\memarya\\src\\components\\ui\\form.tsx"
2025-10-25T07:42:11.861482Z  INFO tailwindcss_oxide::scanner: Reading "C:\\Users\\Dave\\Documents\\next\\memarya\\src\\components\\ui\\input.tsx"
2025-10-25T07:42:11.861482Z  INFO tailwindcss_oxide::scanner: Reading "C:\\Users\\Dave\\Documents\\next\\memarya\\src\\app\\api\\admin\\courses\\[id]\\route.ts"
2025-10-25T07:42:11.861575Z  INFO tailwindcss_oxide::scanner: Reading "C:\\Users\\Dave\\Documents\\next\\memarya\\src\\components\\ui\\label.tsx"
2025-10-25T07:42:11.861594Z  INFO tailwindcss_oxide::scanner: Reading "C:\\Users\\Dave\\Documents\\next\\memarya\\src\\app\\api\\admin\\lessons\\components\\[id]\\route.ts"
2025-10-25T07:42:11.861676Z  INFO tailwindcss_oxide::scanner: Reading "C:\\Users\\Dave\\Documents\\next\\memarya\\src\\components\\ui\\navigation-menu.tsx"
2025-10-25T07:42:11.861696Z  INFO tailwindcss_oxide::scanner: Reading "C:\\Users\\Dave\\Documents\\next\\memarya\\src\\app\\api\\admin\\lessons\\[lessonId]\\components\\route.ts"
2025-10-25T07:42:11.861777Z  INFO tailwindcss_oxide::scanner: Reading "C:\\Users\\Dave\\Documents\\next\\memarya\\src\\components\\ui\\progress.tsx"
2025-10-25T07:42:11.861793Z  INFO tailwindcss_oxide::scanner: Reading "C:\\Users\\Dave\\Documents\\next\\memarya\\src\\app\\api\\admin\\lessons\\[lessonId]\\route.ts"
2025-10-25T07:42:11.861887Z  INFO tailwindcss_oxide::scanner: Reading "C:\\Users\\Dave\\Documents\\next\\memarya\\src\\app\\api\\admin\\quizzes\\route.ts"
2025-10-25T07:42:11.861951Z  INFO tailwindcss_oxide::scanner: Reading "C:\\Users\\Dave\\Documents\\next\\memarya\\src\\components\\ui\\radio-group.tsx"
2025-10-25T07:42:11.861985Z  INFO tailwindcss_oxide::scanner: Reading "C:\\Users\\Dave\\Documents\\next\\memarya\\src\\app\\api\\admin\\register\\route.ts"
2025-10-25T07:42:11.862051Z  INFO tailwindcss_oxide::scanner: Reading "C:\\Users\\Dave\\Documents\\next\\memarya\\src\\components\\ui\\select.tsx"
2025-10-25T07:42:11.862097Z  INFO tailwindcss_oxide::scanner: Reading "C:\\Users\\Dave\\Documents\\next\\memarya\\src\\app\\api\\auth\\[...all]\\route.ts"
2025-10-25T07:42:11.862276Z  INFO tailwindcss_oxide::scanner: Reading "C:\\Users\\Dave\\Documents\\next\\memarya\\src\\components\\ui\\skeleton.tsx"
2025-10-25T07:42:11.862322Z  INFO tailwindcss_oxide::scanner: Reading "C:\\Users\\Dave\\Documents\\next\\memarya\\src\\app\\api\\certificates\\[courseId]\\pdf\\route.ts"
2025-10-25T07:42:11.862425Z  INFO tailwindcss_oxide::scanner: Reading "C:\\Users\\Dave\\Documents\\next\\memarya\\src\\components\\ui\\sonner.tsx"
2025-10-25T07:42:11.862578Z  INFO tailwindcss_oxide::scanner: Reading "C:\\Users\\Dave\\Documents\\next\\memarya\\src\\app\\api\\courses\\categories\\route.ts"
2025-10-25T07:42:11.862713Z  INFO tailwindcss_oxide::scanner: Reading "C:\\Users\\Dave\\Documents\\next\\memarya\\src\\components\\ui\\tabs.tsx"
2025-10-25T07:42:11.862825Z  INFO tailwindcss_oxide::scanner: Reading "C:\\Users\\Dave\\Documents\\next\\memarya\\src\\app\\api\\courses\\route.ts"
2025-10-25T07:42:11.863012Z  INFO tailwindcss_oxide::scanner: Reading "C:\\Users\\Dave\\Documents\\next\\memarya\\src\\components\\ui\\textarea.tsx"
2025-10-25T07:42:11.863047Z  INFO tailwindcss_oxide::scanner: Reading "C:\\Users\\Dave\\Documents\\next\\memarya\\src\\app\\api\\courses\\[id]\\route.ts"
2025-10-25T07:42:11.863222Z  INFO tailwindcss_oxide::scanner: Reading "C:\\Users\\Dave\\Documents\\next\\memarya\\src\\app\\api\\enrollments\\route.ts"
2025-10-25T07:42:11.863303Z  INFO tailwindcss_oxide::scanner: Reading "C:\\Users\\Dave\\Documents\\next\\memarya\\src\\components\\ui\\theme-toggle.tsx"
2025-10-25T07:42:11.863349Z  INFO tailwindcss_oxide::scanner: Reading "C:\\Users\\Dave\\Documents\\next\\memarya\\src\\app\\api\\ide\\run\\route.ts"
2025-10-25T07:42:11.863454Z  INFO tailwindcss_oxide::scanner: Reading "C:\\Users\\Dave\\Documents\\next\\memarya\\src\\app\\api\\ide\\runtimes\\route.ts"
2025-10-25T07:42:11.863667Z  INFO tailwindcss_oxide::scanner: Reading "C:\\Users\\Dave\\Documents\\next\\memarya\\src\\app\\api\\ide\\snippets\\route.ts"
2025-10-25T07:42:11.863447Z  INFO tailwindcss_oxide::scanner: Reading "C:\\Users\\Dave\\Documents\\next\\memarya\\src\\db\\index.ts"
2025-10-25T07:42:11.863830Z  INFO tailwindcss_oxide::scanner: Reading "C:\\Users\\Dave\\Documents\\next\\memarya\\src\\app\\api\\ide\\snippets\\[shareId]\\route.ts"
2025-10-25T07:42:11.863844Z  INFO tailwindcss_oxide::scanner: Reading "C:\\Users\\Dave\\Documents\\next\\memarya\\src\\db\\schema.ts"
2025-10-25T07:42:11.864027Z  INFO tailwindcss_oxide::scanner: Reading "C:\\Users\\Dave\\Documents\\next\\memarya\\src\\lib\\auth-client.ts"
2025-10-25T07:42:11.864040Z  INFO tailwindcss_oxide::scanner: Reading "C:\\Users\\Dave\\Documents\\next\\memarya\\src\\app\\api\\learn\\[courseId]\\flashcards\\route.ts"
2025-10-25T07:42:11.864226Z  INFO tailwindcss_oxide::scanner: Reading "C:\\Users\\Dave\\Documents\\next\\memarya\\src\\app\\api\\learn\\[courseId]\\quiz\\route.ts"
2025-10-25T07:42:11.864237Z  INFO tailwindcss_oxide::scanner: Reading "C:\\Users\\Dave\\Documents\\next\\memarya\\src\\lib\\auth.ts"
2025-10-25T07:42:11.864444Z  INFO tailwindcss_oxide::scanner: Reading "C:\\Users\\Dave\\Documents\\next\\memarya\\src\\app\\api\\learn\\[courseId]\\quiz\\submit\\route.ts"
2025-10-25T07:42:11.864453Z  INFO tailwindcss_oxide::scanner: Reading "C:\\Users\\Dave\\Documents\\next\\memarya\\src\\lib\\utils.ts"
2025-10-25T07:42:11.864644Z  INFO tailwindcss_oxide::scanner: Reading "C:\\Users\\Dave\\Documents\\next\\memarya\\src\\middleware.ts"
2025-10-25T07:42:11.864688Z  INFO tailwindcss_oxide::scanner: Reading "C:\\Users\\Dave\\Documents\\next\\memarya\\src\\app\\api\\learn\\[courseId]\\quiz-results\\route.ts"
2025-10-25T07:42:11.864761Z  INFO tailwindcss_oxide::scanner: Reading "C:\\Users\\Dave\\Documents\\next\\memarya\\src\\types\\index.ts"
2025-10-25T07:42:11.864812Z  INFO tailwindcss_oxide::scanner: Reading "C:\\Users\\Dave\\Documents\\next\\memarya\\test-db.js"
2025-10-25T07:42:11.864861Z  INFO tailwindcss_oxide::scanner: Reading "C:\\Users\\Dave\\Documents\\next\\memarya\\src\\types\\pdfkit.d.ts"
2025-10-25T07:42:11.864976Z  INFO tailwindcss_oxide::scanner: Reading "C:\\Users\\Dave\\Documents\\next\\memarya\\tests\\admin-courses.spec.ts"
2025-10-25T07:42:11.865087Z  INFO tailwindcss_oxide::scanner: Reading "C:\\Users\\Dave\\Documents\\next\\memarya\\tests\\example.spec.ts"
2025-10-25T07:42:11.865185Z  INFO tailwindcss_oxide::scanner: Reading "C:\\Users\\Dave\\Documents\\next\\memarya\\tsconfig.json"
2025-10-25T07:42:11.865276Z  INFO tailwindcss_oxide::scanner: Reading "C:\\Users\\Dave\\Documents\\next\\memarya\\test-jspdf.js"
2025-10-25T07:42:11.952430Z  INFO extract_candidates:read_all_files: tailwindcss_oxide::scanner: exit
2025-10-25T07:42:11.952471Z  INFO extract_candidates:parse_all_blobs: tailwindcss_oxide::scanner: enter
2025-10-25T07:42:11.952484Z  INFO extract_candidates:parse_all_blobs:extract: tailwindcss_oxide::scanner: enter
2025-10-25T07:42:13.118100Z  INFO extract_candidates:parse_all_blobs:extract: tailwindcss_oxide::scanner: exit
2025-10-25T07:42:13.118330Z  INFO extract_candidates:parse_all_blobs: tailwindcss_oxide::scanner: exit
2025-10-25T07:42:13.118358Z  INFO extract_candidates:read_all_files: tailwindcss_oxide::scanner: enter
2025-10-25T07:42:13.118367Z  INFO extract_candidates:read_all_files: tailwindcss_oxide::scanner: Reading 1 file(s)
2025-10-25T07:42:13.118583Z  INFO extract_candidates:read_all_files: tailwindcss_oxide::scanner: Reading "C:\\Users\\Dave\\Documents\\next\\memarya\\src\\app\\globals.css"
2025-10-25T07:42:13.118614Z  INFO extract_candidates:read_all_files: tailwindcss_oxide::scanner: exit
2025-10-25T07:42:13.118636Z  INFO extract_candidates:extract_css_variables: tailwindcss_oxide::scanner: enter
2025-10-25T07:42:13.118646Z  INFO extract_candidates:extract_css_variables:extract: tailwindcss_oxide::scanner: enter
2025-10-25T07:42:13.207672Z  INFO extract_candidates:extract_css_variables:extract: tailwindcss_oxide::scanner: exit
2025-10-25T07:42:13.207727Z  INFO extract_candidates:extract_css_variables: tailwindcss_oxide::scanner: exit
2025-10-25T07:42:13.213034Z  INFO extract_candidates: tailwindcss_oxide::scanner: exit
2025-10-25T07:42:13.215572Z  INFO get_files: tailwindcss_oxide::scanner: enter
2025-10-25T07:42:13.215610Z  INFO get_files:scan_sources: tailwindcss_oxide::scanner: enter
2025-10-25T07:42:13.218321Z  INFO get_files:scan_sources: tailwindcss_oxide::scanner: Discovering "C:\\Users\\Dave\\Documents\\next\\memarya\\.github"
2025-10-25T07:42:13.218666Z  INFO get_files:scan_sources: tailwindcss_oxide::scanner: Discovering "C:\\Users\\Dave\\Documents\\next\\memarya\\.github\\workflows"
2025-10-25T07:42:13.219413Z  INFO get_files:scan_sources: tailwindcss_oxide::scanner: Discovering "C:\\Users\\Dave\\Documents\\next\\memarya\\.vscode"
2025-10-25T07:42:13.223161Z  INFO get_files:scan_sources: tailwindcss_oxide::scanner: Discovering "C:\\Users\\Dave\\Documents\\next\\memarya\\drizzle"
2025-10-25T07:42:13.224025Z  INFO get_files:scan_sources: tailwindcss_oxide::scanner: Discovering "C:\\Users\\Dave\\Documents\\next\\memarya\\drizzle\\meta"
2025-10-25T07:42:13.225740Z  INFO get_files:scan_sources: tailwindcss_oxide::scanner: Discovering "C:\\Users\\Dave\\Documents\\next\\memarya\\public"
2025-10-25T07:42:13.226529Z  INFO get_files:scan_sources: tailwindcss_oxide::scanner: Discovering "C:\\Users\\Dave\\Documents\\next\\memarya\\scripts"
2025-10-25T07:42:13.227141Z  INFO get_files:scan_sources: tailwindcss_oxide::scanner: Discovering "C:\\Users\\Dave\\Documents\\next\\memarya\\scripts\\sql"
2025-10-25T07:42:13.228228Z  INFO get_files:scan_sources: tailwindcss_oxide::scanner: Discovering "C:\\Users\\Dave\\Documents\\next\\memarya\\src"
2025-10-25T07:42:13.228581Z  INFO get_files:scan_sources: tailwindcss_oxide::scanner: Discovering "C:\\Users\\Dave\\Documents\\next\\memarya\\src\\app"
2025-10-25T07:42:13.228900Z  INFO get_files:scan_sources: tailwindcss_oxide::scanner: Discovering "C:\\Users\\Dave\\Documents\\next\\memarya\\src\\app\\admin"
2025-10-25T07:42:13.229211Z  INFO get_files:scan_sources: tailwindcss_oxide::scanner: Discovering "C:\\Users\\Dave\\Documents\\next\\memarya\\src\\app\\admin\\courses"
2025-10-25T07:42:13.229534Z  INFO get_files:scan_sources: tailwindcss_oxide::scanner: Discovering "C:\\Users\\Dave\\Documents\\next\\memarya\\src\\app\\admin\\courses\\new"
2025-10-25T07:42:13.230030Z  INFO get_files:scan_sources: tailwindcss_oxide::scanner: Discovering "C:\\Users\\Dave\\Documents\\next\\memarya\\src\\app\\admin\\courses\\[id]"
2025-10-25T07:42:13.230352Z  INFO get_files:scan_sources: tailwindcss_oxide::scanner: Discovering "C:\\Users\\Dave\\Documents\\next\\memarya\\src\\app\\admin\\courses\\[id]\\edit"
2025-10-25T07:42:13.230830Z  INFO get_files:scan_sources: tailwindcss_oxide::scanner: Discovering "C:\\Users\\Dave\\Documents\\next\\memarya\\src\\app\\admin\\users"
2025-10-25T07:42:13.231274Z  INFO get_files:scan_sources: tailwindcss_oxide::scanner: Discovering "C:\\Users\\Dave\\Documents\\next\\memarya\\src\\app\\api"
2025-10-25T07:42:13.231587Z  INFO get_files:scan_sources: tailwindcss_oxide::scanner: Discovering "C:\\Users\\Dave\\Documents\\next\\memarya\\src\\app\\api\\admin"
2025-10-25T07:42:13.231896Z  INFO get_files:scan_sources: tailwindcss_oxide::scanner: Discovering "C:\\Users\\Dave\\Documents\\next\\memarya\\src\\app\\api\\admin\\courses"
2025-10-25T07:42:13.232286Z  INFO get_files:scan_sources: tailwindcss_oxide::scanner: Discovering "C:\\Users\\Dave\\Documents\\next\\memarya\\src\\app\\api\\admin\\courses\\[id]"
2025-10-25T07:42:13.232601Z  INFO get_files:scan_sources: tailwindcss_oxide::scanner: Discovering "C:\\Users\\Dave\\Documents\\next\\memarya\\src\\app\\api\\admin\\courses\\[id]\\flashcards"
2025-10-25T07:42:13.233049Z  INFO get_files:scan_sources: tailwindcss_oxide::scanner: Discovering "C:\\Users\\Dave\\Documents\\next\\memarya\\src\\app\\api\\admin\\courses\\[id]\\lessons"
2025-10-25T07:42:13.233471Z  INFO get_files:scan_sources: tailwindcss_oxide::scanner: Discovering "C:\\Users\\Dave\\Documents\\next\\memarya\\src\\app\\api\\admin\\courses\\[id]\\quiz"
2025-10-25T07:42:13.233793Z  INFO get_files:scan_sources: tailwindcss_oxide::scanner: Discovering "C:\\Users\\Dave\\Documents\\next\\memarya\\src\\app\\api\\admin\\courses\\[id]\\quiz\\questions"
2025-10-25T07:42:13.234475Z  INFO get_files:scan_sources: tailwindcss_oxide::scanner: Discovering "C:\\Users\\Dave\\Documents\\next\\memarya\\src\\app\\api\\admin\\lessons"
2025-10-25T07:42:13.234785Z  INFO get_files:scan_sources: tailwindcss_oxide::scanner: Discovering "C:\\Users\\Dave\\Documents\\next\\memarya\\src\\app\\api\\admin\\lessons\\components"
2025-10-25T07:42:13.235081Z  INFO get_files:scan_sources: tailwindcss_oxide::scanner: Discovering "C:\\Users\\Dave\\Documents\\next\\memarya\\src\\app\\api\\admin\\lessons\\components\\[id]"
2025-10-25T07:42:13.235524Z  INFO get_files:scan_sources: tailwindcss_oxide::scanner: Discovering "C:\\Users\\Dave\\Documents\\next\\memarya\\src\\app\\api\\admin\\lessons\\[lessonId]"
2025-10-25T07:42:13.235819Z  INFO get_files:scan_sources: tailwindcss_oxide::scanner: Discovering "C:\\Users\\Dave\\Documents\\next\\memarya\\src\\app\\api\\admin\\lessons\\[lessonId]\\components"
2025-10-25T07:42:13.239027Z  INFO get_files:scan_sources: tailwindcss_oxide::scanner: Discovering "C:\\Users\\Dave\\Documents\\next\\memarya\\src\\app\\api\\admin\\quizzes"
2025-10-25T07:42:13.239617Z  INFO get_files:scan_sources: tailwindcss_oxide::scanner: Discovering "C:\\Users\\Dave\\Documents\\next\\memarya\\src\\app\\api\\admin\\register"
2025-10-25T07:42:13.240061Z  INFO get_files:scan_sources: tailwindcss_oxide::scanner: Discovering "C:\\Users\\Dave\\Documents\\next\\memarya\\src\\app\\api\\auth"
2025-10-25T07:42:13.240359Z  INFO get_files:scan_sources: tailwindcss_oxide::scanner: Discovering "C:\\Users\\Dave\\Documents\\next\\memarya\\src\\app\\api\\auth\\[...all]"
2025-10-25T07:42:13.240806Z  INFO get_files:scan_sources: tailwindcss_oxide::scanner: Discovering "C:\\Users\\Dave\\Documents\\next\\memarya\\src\\app\\api\\certificates"
2025-10-25T07:42:13.241134Z  INFO get_files:scan_sources: tailwindcss_oxide::scanner: Discovering "C:\\Users\\Dave\\Documents\\next\\memarya\\src\\app\\api\\certificates\\[courseId]"
2025-10-25T07:42:13.241667Z  INFO get_files:scan_sources: tailwindcss_oxide::scanner: Discovering "C:\\Users\\Dave\\Documents\\next\\memarya\\src\\app\\api\\certificates\\[courseId]\\pdf"
2025-10-25T07:42:13.242334Z  INFO get_files:scan_sources: tailwindcss_oxide::scanner: Discovering "C:\\Users\\Dave\\Documents\\next\\memarya\\src\\app\\api\\courses"
2025-10-25T07:42:13.242771Z  INFO get_files:scan_sources: tailwindcss_oxide::scanner: Discovering "C:\\Users\\Dave\\Documents\\next\\memarya\\src\\app\\api\\courses\\categories"
2025-10-25T07:42:13.243678Z  INFO get_files:scan_sources: tailwindcss_oxide::scanner: Discovering "C:\\Users\\Dave\\Documents\\next\\memarya\\src\\app\\api\\courses\\[id]"
2025-10-25T07:42:13.244246Z  INFO get_files:scan_sources: tailwindcss_oxide::scanner: Discovering "C:\\Users\\Dave\\Documents\\next\\memarya\\src\\app\\api\\enrollments"
2025-10-25T07:42:13.244695Z  INFO get_files:scan_sources: tailwindcss_oxide::scanner: Discovering "C:\\Users\\Dave\\Documents\\next\\memarya\\src\\app\\api\\ide"
2025-10-25T07:42:13.245005Z  INFO get_files:scan_sources: tailwindcss_oxide::scanner: Discovering "C:\\Users\\Dave\\Documents\\next\\memarya\\src\\app\\api\\ide\\run"
2025-10-25T07:42:13.245449Z  INFO get_files:scan_sources: tailwindcss_oxide::scanner: Discovering "C:\\Users\\Dave\\Documents\\next\\memarya\\src\\app\\api\\ide\\runtimes"
2025-10-25T07:42:13.245867Z  INFO get_files:scan_sources: tailwindcss_oxide::scanner: Discovering "C:\\Users\\Dave\\Documents\\next\\memarya\\src\\app\\api\\ide\\snippets"
2025-10-25T07:42:13.246279Z  INFO get_files:scan_sources: tailwindcss_oxide::scanner: Discovering "C:\\Users\\Dave\\Documents\\next\\memarya\\src\\app\\api\\ide\\snippets\\[shareId]"
2025-10-25T07:42:13.246800Z  INFO get_files:scan_sources: tailwindcss_oxide::scanner: Discovering "C:\\Users\\Dave\\Documents\\next\\memarya\\src\\app\\api\\learn"
2025-10-25T07:42:13.247124Z  INFO get_files:scan_sources: tailwindcss_oxide::scanner: Discovering "C:\\Users\\Dave\\Documents\\next\\memarya\\src\\app\\api\\learn\\[courseId]"
2025-10-25T07:42:13.247455Z  INFO get_files:scan_sources: tailwindcss_oxide::scanner: Discovering "C:\\Users\\Dave\\Documents\\next\\memarya\\src\\app\\api\\learn\\[courseId]\\flashcards"
2025-10-25T07:42:13.247914Z  INFO get_files:scan_sources: tailwindcss_oxide::scanner: Discovering "C:\\Users\\Dave\\Documents\\next\\memarya\\src\\app\\api\\learn\\[courseId]\\quiz"
2025-10-25T07:42:13.248304Z  INFO get_files:scan_sources: tailwindcss_oxide::scanner: Discovering "C:\\Users\\Dave\\Documents\\next\\memarya\\src\\app\\api\\learn\\[courseId]\\quiz\\submit"
2025-10-25T07:42:13.248787Z  INFO get_files:scan_sources: tailwindcss_oxide::scanner: Discovering "C:\\Users\\Dave\\Documents\\next\\memarya\\src\\app\\api\\learn\\[courseId]\\quiz-results"
2025-10-25T07:42:13.249227Z  INFO get_files:scan_sources: tailwindcss_oxide::scanner: Discovering "C:\\Users\\Dave\\Documents\\next\\memarya\\src\\app\\api\\learn\\[courseId]\\[lessonId]"
2025-10-25T07:42:13.249569Z  INFO get_files:scan_sources: tailwindcss_oxide::scanner: Discovering "C:\\Users\\Dave\\Documents\\next\\memarya\\src\\app\\api\\learn\\[courseId]\\[lessonId]\\components"
2025-10-25T07:42:13.250004Z  INFO get_files:scan_sources: tailwindcss_oxide::scanner: Discovering "C:\\Users\\Dave\\Documents\\next\\memarya\\src\\app\\api\\learn\\[courseId]\\[lessonId]\\quiz"
2025-10-25T07:42:13.250401Z  INFO get_files:scan_sources: tailwindcss_oxide::scanner: Discovering "C:\\Users\\Dave\\Documents\\next\\memarya\\src\\app\\api\\learn\\[courseId]\\[lessonId]\\quiz\\submit"
2025-10-25T07:42:13.251071Z  INFO get_files:scan_sources: tailwindcss_oxide::scanner: Discovering "C:\\Users\\Dave\\Documents\\next\\memarya\\src\\app\\api\\profile"
2025-10-25T07:42:13.251507Z  INFO get_files:scan_sources: tailwindcss_oxide::scanner: Discovering "C:\\Users\\Dave\\Documents\\next\\memarya\\src\\app\\api\\progress"
2025-10-25T07:42:13.251946Z  INFO get_files:scan_sources: tailwindcss_oxide::scanner: Discovering "C:\\Users\\Dave\\Documents\\next\\memarya\\src\\app\\api\\settings"
2025-10-25T07:42:13.252256Z  INFO get_files:scan_sources: tailwindcss_oxide::scanner: Discovering "C:\\Users\\Dave\\Documents\\next\\memarya\\src\\app\\api\\settings\\email"
2025-10-25T07:42:13.252760Z  INFO get_files:scan_sources: tailwindcss_oxide::scanner: Discovering "C:\\Users\\Dave\\Documents\\next\\memarya\\src\\app\\api\\settings\\password"
2025-10-25T07:42:13.440074Z  INFO get_files:scan_sources: tailwindcss_oxide::scanner: Discovering "C:\\Users\\Dave\\Documents\\next\\memarya\\src\\app\\auth"
2025-10-25T07:42:13.440468Z  INFO get_files:scan_sources: tailwindcss_oxide::scanner: Discovering "C:\\Users\\Dave\\Documents\\next\\memarya\\src\\app\\auth\\admin-register"
2025-10-25T07:42:13.441076Z  INFO get_files:scan_sources: tailwindcss_oxide::scanner: Discovering "C:\\Users\\Dave\\Documents\\next\\memarya\\src\\app\\courses"
2025-10-25T07:42:13.441533Z  INFO get_files:scan_sources: tailwindcss_oxide::scanner: Discovering "C:\\Users\\Dave\\Documents\\next\\memarya\\src\\app\\courses\\[id]"
2025-10-25T07:42:13.442500Z  INFO get_files:scan_sources: tailwindcss_oxide::scanner: Discovering "C:\\Users\\Dave\\Documents\\next\\memarya\\src\\app\\courses\\[id]\\certificate"
2025-10-25T07:42:13.443364Z  INFO get_files:scan_sources: tailwindcss_oxide::scanner: Discovering "C:\\Users\\Dave\\Documents\\next\\memarya\\src\\app\\dashboard"
2025-10-25T07:42:13.443871Z  INFO get_files:scan_sources: tailwindcss_oxide::scanner: Discovering "C:\\Users\\Dave\\Documents\\next\\memarya\\src\\app\\ide"
2025-10-25T07:42:13.444347Z  INFO get_files:scan_sources: tailwindcss_oxide::scanner: Discovering "C:\\Users\\Dave\\Documents\\next\\memarya\\src\\app\\learn"
2025-10-25T07:42:13.444664Z  INFO get_files:scan_sources: tailwindcss_oxide::scanner: Discovering "C:\\Users\\Dave\\Documents\\next\\memarya\\src\\app\\learn\\[courseId]"
2025-10-25T07:42:13.445000Z  INFO get_files:scan_sources: tailwindcss_oxide::scanner: Discovering "C:\\Users\\Dave\\Documents\\next\\memarya\\src\\app\\learn\\[courseId]\\flashcards"
2025-10-25T07:42:13.445417Z  INFO get_files:scan_sources: tailwindcss_oxide::scanner: Discovering "C:\\Users\\Dave\\Documents\\next\\memarya\\src\\app\\learn\\[courseId]\\quiz"
2025-10-25T07:42:13.445874Z  INFO get_files:scan_sources: tailwindcss_oxide::scanner: Discovering "C:\\Users\\Dave\\Documents\\next\\memarya\\src\\app\\learn\\[courseId]\\[lessonId]"
2025-10-25T07:42:13.446310Z  INFO get_files:scan_sources: tailwindcss_oxide::scanner: Discovering "C:\\Users\\Dave\\Documents\\next\\memarya\\src\\app\\learn\\[courseId]\\[lessonId]\\quiz"
2025-10-25T07:42:13.447735Z  INFO get_files:scan_sources: tailwindcss_oxide::scanner: Discovering "C:\\Users\\Dave\\Documents\\next\\memarya\\src\\app\\profile"
2025-10-25T07:42:13.448071Z  INFO get_files:scan_sources: tailwindcss_oxide::scanner: Discovering "C:\\Users\\Dave\\Documents\\next\\memarya\\src\\app\\profile\\edit"
2025-10-25T07:42:13.448617Z  INFO get_files:scan_sources: tailwindcss_oxide::scanner: Discovering "C:\\Users\\Dave\\Documents\\next\\memarya\\src\\app\\settings"
2025-10-25T07:42:13.449169Z  INFO get_files:scan_sources: tailwindcss_oxide::scanner: Discovering "C:\\Users\\Dave\\Documents\\next\\memarya\\src\\components"
2025-10-25T07:42:13.449495Z  INFO get_files:scan_sources: tailwindcss_oxide::scanner: Discovering "C:\\Users\\Dave\\Documents\\next\\memarya\\src\\components\\admin"
2025-10-25T07:42:13.449923Z  INFO get_files:scan_sources: tailwindcss_oxide::scanner: Discovering "C:\\Users\\Dave\\Documents\\next\\memarya\\src\\components\\auth"
2025-10-25T07:42:13.450473Z  INFO get_files:scan_sources: tailwindcss_oxide::scanner: Discovering "C:\\Users\\Dave\\Documents\\next\\memarya\\src\\components\\layout"
2025-10-25T07:42:13.450979Z  INFO get_files:scan_sources: tailwindcss_oxide::scanner: Discovering "C:\\Users\\Dave\\Documents\\next\\memarya\\src\\components\\learn"
2025-10-25T07:42:13.451804Z  INFO get_files:scan_sources: tailwindcss_oxide::scanner: Discovering "C:\\Users\\Dave\\Documents\\next\\memarya\\src\\components\\ui"
2025-10-25T07:42:13.456207Z  INFO get_files:scan_sources: tailwindcss_oxide::scanner: Discovering "C:\\Users\\Dave\\Documents\\next\\memarya\\src\\db"
2025-10-25T07:42:13.456746Z  INFO get_files:scan_sources: tailwindcss_oxide::scanner: Discovering "C:\\Users\\Dave\\Documents\\next\\memarya\\src\\lib"
2025-10-25T07:42:13.457441Z  INFO get_files:scan_sources: tailwindcss_oxide::scanner: Discovering "C:\\Users\\Dave\\Documents\\next\\memarya\\src\\pages"
2025-10-25T07:42:13.457821Z  INFO get_files:scan_sources: tailwindcss_oxide::scanner: Discovering "C:\\Users\\Dave\\Documents\\next\\memarya\\src\\pages\\api"
2025-10-25T07:42:13.458304Z  INFO get_files:scan_sources: tailwindcss_oxide::scanner: Discovering "C:\\Users\\Dave\\Documents\\next\\memarya\\src\\pages\\api\\lessons"
2025-10-25T07:42:13.458842Z  INFO get_files:scan_sources: tailwindcss_oxide::scanner: Discovering "C:\\Users\\Dave\\Documents\\next\\memarya\\src\\pages\\api\\lessons\\[lessonId]"
2025-10-25T07:42:13.459448Z  INFO get_files:scan_sources: tailwindcss_oxide::scanner: Discovering "C:\\Users\\Dave\\Documents\\next\\memarya\\src\\types"
2025-10-25T07:42:13.460383Z  INFO get_files:scan_sources: tailwindcss_oxide::scanner: Discovering "C:\\Users\\Dave\\Documents\\next\\memarya\\tests"
2025-10-25T07:42:13.460926Z  INFO get_files:scan_sources: tailwindcss_oxide::scanner: exit
2025-10-25T07:42:13.506881Z  INFO get_files: tailwindcss_oxide::scanner: exit
2025-10-25T07:42:13.510655Z  INFO get_globs: tailwindcss_oxide::scanner: enter
2025-10-25T07:42:13.510713Z  INFO get_globs:scan_sources: tailwindcss_oxide::scanner: enter
2025-10-25T07:42:13.513273Z  INFO get_globs:scan_sources: tailwindcss_oxide::scanner: Discovering "C:\\Users\\Dave\\Documents\\next\\memarya\\.github"
2025-10-25T07:42:13.513590Z  INFO get_globs:scan_sources: tailwindcss_oxide::scanner: Discovering "C:\\Users\\Dave\\Documents\\next\\memarya\\.github\\workflows"
2025-10-25T07:42:13.514303Z  INFO get_globs:scan_sources: tailwindcss_oxide::scanner: Discovering "C:\\Users\\Dave\\Documents\\next\\memarya\\.vscode"
2025-10-25T07:42:13.514866Z  INFO get_globs:scan_sources: tailwindcss_oxide::scanner: Discovering "C:\\Users\\Dave\\Documents\\next\\memarya\\drizzle"
2025-10-25T07:42:13.515695Z  INFO get_globs:scan_sources: tailwindcss_oxide::scanner: Discovering "C:\\Users\\Dave\\Documents\\next\\memarya\\drizzle\\meta"
2025-10-25T07:42:13.517369Z  INFO get_globs:scan_sources: tailwindcss_oxide::scanner: Discovering "C:\\Users\\Dave\\Documents\\next\\memarya\\public"
2025-10-25T07:42:13.518116Z  INFO get_globs:scan_sources: tailwindcss_oxide::scanner: Discovering "C:\\Users\\Dave\\Documents\\next\\memarya\\scripts"
2025-10-25T07:42:13.518666Z  INFO get_globs:scan_sources: tailwindcss_oxide::scanner: Discovering "C:\\Users\\Dave\\Documents\\next\\memarya\\scripts\\sql"
2025-10-25T07:42:13.524391Z  INFO get_globs:scan_sources: tailwindcss_oxide::scanner: Discovering "C:\\Users\\Dave\\Documents\\next\\memarya\\src"
2025-10-25T07:42:13.525152Z  INFO get_globs:scan_sources: tailwindcss_oxide::scanner: Discovering "C:\\Users\\Dave\\Documents\\next\\memarya\\src\\app"
2025-10-25T07:42:13.525623Z  INFO get_globs:scan_sources: tailwindcss_oxide::scanner: Discovering "C:\\Users\\Dave\\Documents\\next\\memarya\\src\\app\\admin"
2025-10-25T07:42:13.525952Z  INFO get_globs:scan_sources: tailwindcss_oxide::scanner: Discovering "C:\\Users\\Dave\\Documents\\next\\memarya\\src\\app\\admin\\courses"
2025-10-25T07:42:13.526261Z  INFO get_globs:scan_sources: tailwindcss_oxide::scanner: Discovering "C:\\Users\\Dave\\Documents\\next\\memarya\\src\\app\\admin\\courses\\new"
2025-10-25T07:42:13.526761Z  INFO get_globs:scan_sources: tailwindcss_oxide::scanner: Discovering "C:\\Users\\Dave\\Documents\\next\\memarya\\src\\app\\admin\\courses\\[id]"
2025-10-25T07:42:13.527072Z  INFO get_globs:scan_sources: tailwindcss_oxide::scanner: Discovering "C:\\Users\\Dave\\Documents\\next\\memarya\\src\\app\\admin\\courses\\[id]\\edit"
2025-10-25T07:42:13.527569Z  INFO get_globs:scan_sources: tailwindcss_oxide::scanner: Discovering "C:\\Users\\Dave\\Documents\\next\\memarya\\src\\app\\admin\\users"
2025-10-25T07:42:13.528009Z  INFO get_globs:scan_sources: tailwindcss_oxide::scanner: Discovering "C:\\Users\\Dave\\Documents\\next\\memarya\\src\\app\\api"
2025-10-25T07:42:13.528316Z  INFO get_globs:scan_sources: tailwindcss_oxide::scanner: Discovering "C:\\Users\\Dave\\Documents\\next\\memarya\\src\\app\\api\\admin"
2025-10-25T07:42:13.528624Z  INFO get_globs:scan_sources: tailwindcss_oxide::scanner: Discovering "C:\\Users\\Dave\\Documents\\next\\memarya\\src\\app\\api\\admin\\courses"
2025-10-25T07:42:13.528997Z  INFO get_globs:scan_sources: tailwindcss_oxide::scanner: Discovering "C:\\Users\\Dave\\Documents\\next\\memarya\\src\\app\\api\\admin\\courses\\[id]"
2025-10-25T07:42:13.529306Z  INFO get_globs:scan_sources: tailwindcss_oxide::scanner: Discovering "C:\\Users\\Dave\\Documents\\next\\memarya\\src\\app\\api\\admin\\courses\\[id]\\flashcards"
2025-10-25T07:42:13.529723Z  INFO get_globs:scan_sources: tailwindcss_oxide::scanner: Discovering "C:\\Users\\Dave\\Documents\\next\\memarya\\src\\app\\api\\admin\\courses\\[id]\\lessons"
2025-10-25T07:42:13.530160Z  INFO get_globs:scan_sources: tailwindcss_oxide::scanner: Discovering "C:\\Users\\Dave\\Documents\\next\\memarya\\src\\app\\api\\admin\\courses\\[id]\\quiz"
2025-10-25T07:42:13.530501Z  INFO get_globs:scan_sources: tailwindcss_oxide::scanner: Discovering "C:\\Users\\Dave\\Documents\\next\\memarya\\src\\app\\api\\admin\\courses\\[id]\\quiz\\questions"
2025-10-25T07:42:13.531153Z  INFO get_globs:scan_sources: tailwindcss_oxide::scanner: Discovering "C:\\Users\\Dave\\Documents\\next\\memarya\\src\\app\\api\\admin\\lessons"
2025-10-25T07:42:13.531463Z  INFO get_globs:scan_sources: tailwindcss_oxide::scanner: Discovering "C:\\Users\\Dave\\Documents\\next\\memarya\\src\\app\\api\\admin\\lessons\\components"
2025-10-25T07:42:13.531766Z  INFO get_globs:scan_sources: tailwindcss_oxide::scanner: Discovering "C:\\Users\\Dave\\Documents\\next\\memarya\\src\\app\\api\\admin\\lessons\\components\\[id]"
2025-10-25T07:42:13.532198Z  INFO get_globs:scan_sources: tailwindcss_oxide::scanner: Discovering "C:\\Users\\Dave\\Documents\\next\\memarya\\src\\app\\api\\admin\\lessons\\[lessonId]"
2025-10-25T07:42:13.532507Z  INFO get_globs:scan_sources: tailwindcss_oxide::scanner: Discovering "C:\\Users\\Dave\\Documents\\next\\memarya\\src\\app\\api\\admin\\lessons\\[lessonId]\\components"
2025-10-25T07:42:13.533045Z  INFO get_globs:scan_sources: tailwindcss_oxide::scanner: Discovering "C:\\Users\\Dave\\Documents\\next\\memarya\\src\\app\\api\\admin\\quizzes"
2025-10-25T07:42:13.533449Z  INFO get_globs:scan_sources: tailwindcss_oxide::scanner: Discovering "C:\\Users\\Dave\\Documents\\next\\memarya\\src\\app\\api\\admin\\register"
2025-10-25T07:42:13.533896Z  INFO get_globs:scan_sources: tailwindcss_oxide::scanner: Discovering "C:\\Users\\Dave\\Documents\\next\\memarya\\src\\app\\api\\auth"
2025-10-25T07:42:13.534214Z  INFO get_globs:scan_sources: tailwindcss_oxide::scanner: Discovering "C:\\Users\\Dave\\Documents\\next\\memarya\\src\\app\\api\\auth\\[...all]"
2025-10-25T07:42:13.534670Z  INFO get_globs:scan_sources: tailwindcss_oxide::scanner: Discovering "C:\\Users\\Dave\\Documents\\next\\memarya\\src\\app\\api\\certificates"
2025-10-25T07:42:13.534981Z  INFO get_globs:scan_sources: tailwindcss_oxide::scanner: Discovering "C:\\Users\\Dave\\Documents\\next\\memarya\\src\\app\\api\\certificates\\[courseId]"
2025-10-25T07:42:13.535283Z  INFO get_globs:scan_sources: tailwindcss_oxide::scanner: Discovering "C:\\Users\\Dave\\Documents\\next\\memarya\\src\\app\\api\\certificates\\[courseId]\\pdf"
2025-10-25T07:42:13.535773Z  INFO get_globs:scan_sources: tailwindcss_oxide::scanner: Discovering "C:\\Users\\Dave\\Documents\\next\\memarya\\src\\app\\api\\courses"
2025-10-25T07:42:13.539187Z  INFO get_globs:scan_sources: tailwindcss_oxide::scanner: Discovering "C:\\Users\\Dave\\Documents\\next\\memarya\\src\\app\\api\\courses\\categories"
2025-10-25T07:42:13.540740Z  INFO get_globs:scan_sources: tailwindcss_oxide::scanner: Discovering "C:\\Users\\Dave\\Documents\\next\\memarya\\src\\app\\api\\courses\\[id]"
2025-10-25T07:42:13.542135Z  INFO get_globs:scan_sources: tailwindcss_oxide::scanner: Discovering "C:\\Users\\Dave\\Documents\\next\\memarya\\src\\app\\api\\enrollments"
2025-10-25T07:42:13.543283Z  INFO get_globs:scan_sources: tailwindcss_oxide::scanner: Discovering "C:\\Users\\Dave\\Documents\\next\\memarya\\src\\app\\api\\ide"
2025-10-25T07:42:13.543822Z  INFO get_globs:scan_sources: tailwindcss_oxide::scanner: Discovering "C:\\Users\\Dave\\Documents\\next\\memarya\\src\\app\\api\\ide\\run"
2025-10-25T07:42:13.544415Z  INFO get_globs:scan_sources: tailwindcss_oxide::scanner: Discovering "C:\\Users\\Dave\\Documents\\next\\memarya\\src\\app\\api\\ide\\runtimes"
2025-10-25T07:42:13.545018Z  INFO get_globs:scan_sources: tailwindcss_oxide::scanner: Discovering "C:\\Users\\Dave\\Documents\\next\\memarya\\src\\app\\api\\ide\\snippets"
2025-10-25T07:42:13.545579Z  INFO get_globs:scan_sources: tailwindcss_oxide::scanner: Discovering "C:\\Users\\Dave\\Documents\\next\\memarya\\src\\app\\api\\ide\\snippets\\[shareId]"
2025-10-25T07:42:13.546314Z  INFO get_globs:scan_sources: tailwindcss_oxide::scanner: Discovering "C:\\Users\\Dave\\Documents\\next\\memarya\\src\\app\\api\\learn"
2025-10-25T07:42:13.546770Z  INFO get_globs:scan_sources: tailwindcss_oxide::scanner: Discovering "C:\\Users\\Dave\\Documents\\next\\memarya\\src\\app\\api\\learn\\[courseId]"
2025-10-25T07:42:13.547186Z  INFO get_globs:scan_sources: tailwindcss_oxide::scanner: Discovering "C:\\Users\\Dave\\Documents\\next\\memarya\\src\\app\\api\\learn\\[courseId]\\flashcards"
2025-10-25T07:42:13.547891Z  INFO get_globs:scan_sources: tailwindcss_oxide::scanner: Discovering "C:\\Users\\Dave\\Documents\\next\\memarya\\src\\app\\api\\learn\\[courseId]\\quiz"
2025-10-25T07:42:13.674182Z  INFO get_globs:scan_sources: tailwindcss_oxide::scanner: Discovering "C:\\Users\\Dave\\Documents\\next\\memarya\\src\\app\\api\\learn\\[courseId]\\quiz\\submit"
2025-10-25T07:42:13.676063Z  INFO get_globs:scan_sources: tailwindcss_oxide::scanner: Discovering "C:\\Users\\Dave\\Documents\\next\\memarya\\src\\app\\api\\learn\\[courseId]\\quiz-results"
2025-10-25T07:42:13.677183Z  INFO get_globs:scan_sources: tailwindcss_oxide::scanner: Discovering "C:\\Users\\Dave\\Documents\\next\\memarya\\src\\app\\api\\learn\\[courseId]\\[lessonId]"
2025-10-25T07:42:13.677824Z  INFO get_globs:scan_sources: tailwindcss_oxide::scanner: Discovering "C:\\Users\\Dave\\Documents\\next\\memarya\\src\\app\\api\\learn\\[courseId]\\[lessonId]\\components"
2025-10-25T07:42:13.678413Z  INFO get_globs:scan_sources: tailwindcss_oxide::scanner: Discovering "C:\\Users\\Dave\\Documents\\next\\memarya\\src\\app\\api\\learn\\[courseId]\\[lessonId]\\quiz"
2025-10-25T07:42:13.678787Z  INFO get_globs:scan_sources: tailwindcss_oxide::scanner: Discovering "C:\\Users\\Dave\\Documents\\next\\memarya\\src\\app\\api\\learn\\[courseId]\\[lessonId]\\quiz\\submit"
2025-10-25T07:42:13.679392Z  INFO get_globs:scan_sources: tailwindcss_oxide::scanner: Discovering "C:\\Users\\Dave\\Documents\\next\\memarya\\src\\app\\api\\profile"
2025-10-25T07:42:13.679773Z  INFO get_globs:scan_sources: tailwindcss_oxide::scanner: Discovering "C:\\Users\\Dave\\Documents\\next\\memarya\\src\\app\\api\\progress"
2025-10-25T07:42:13.680138Z  INFO get_globs:scan_sources: tailwindcss_oxide::scanner: Discovering "C:\\Users\\Dave\\Documents\\next\\memarya\\src\\app\\api\\settings"
2025-10-25T07:42:13.680421Z  INFO get_globs:scan_sources: tailwindcss_oxide::scanner: Discovering "C:\\Users\\Dave\\Documents\\next\\memarya\\src\\app\\api\\settings\\email"
2025-10-25T07:42:13.680802Z  INFO get_globs:scan_sources: tailwindcss_oxide::scanner: Discovering "C:\\Users\\Dave\\Documents\\next\\memarya\\src\\app\\api\\settings\\password"
2025-10-25T07:42:13.681244Z  INFO get_globs:scan_sources: tailwindcss_oxide::scanner: Discovering "C:\\Users\\Dave\\Documents\\next\\memarya\\src\\app\\auth"
2025-10-25T07:42:13.681519Z  INFO get_globs:scan_sources: tailwindcss_oxide::scanner: Discovering "C:\\Users\\Dave\\Documents\\next\\memarya\\src\\app\\auth\\admin-register"
2025-10-25T07:42:13.681970Z  INFO get_globs:scan_sources: tailwindcss_oxide::scanner: Discovering "C:\\Users\\Dave\\Documents\\next\\memarya\\src\\app\\courses"
2025-10-25T07:42:13.682306Z  INFO get_globs:scan_sources: tailwindcss_oxide::scanner: Discovering "C:\\Users\\Dave\\Documents\\next\\memarya\\src\\app\\courses\\[id]"
2025-10-25T07:42:13.682577Z  INFO get_globs:scan_sources: tailwindcss_oxide::scanner: Discovering "C:\\Users\\Dave\\Documents\\next\\memarya\\src\\app\\courses\\[id]\\certificate"
2025-10-25T07:42:13.683076Z  INFO get_globs:scan_sources: tailwindcss_oxide::scanner: Discovering "C:\\Users\\Dave\\Documents\\next\\memarya\\src\\app\\dashboard"
2025-10-25T07:42:13.683496Z  INFO get_globs:scan_sources: tailwindcss_oxide::scanner: Discovering "C:\\Users\\Dave\\Documents\\next\\memarya\\src\\app\\ide"
2025-10-25T07:42:13.683905Z  INFO get_globs:scan_sources: tailwindcss_oxide::scanner: Discovering "C:\\Users\\Dave\\Documents\\next\\memarya\\src\\app\\learn"
2025-10-25T07:42:13.684169Z  INFO get_globs:scan_sources: tailwindcss_oxide::scanner: Discovering "C:\\Users\\Dave\\Documents\\next\\memarya\\src\\app\\learn\\[courseId]"
2025-10-25T07:42:13.684443Z  INFO get_globs:scan_sources: tailwindcss_oxide::scanner: Discovering "C:\\Users\\Dave\\Documents\\next\\memarya\\src\\app\\learn\\[courseId]\\flashcards"
2025-10-25T07:42:13.684821Z  INFO get_globs:scan_sources: tailwindcss_oxide::scanner: Discovering "C:\\Users\\Dave\\Documents\\next\\memarya\\src\\app\\learn\\[courseId]\\quiz"
2025-10-25T07:42:13.685193Z  INFO get_globs:scan_sources: tailwindcss_oxide::scanner: Discovering "C:\\Users\\Dave\\Documents\\next\\memarya\\src\\app\\learn\\[courseId]\\[lessonId]"
2025-10-25T07:42:13.685530Z  INFO get_globs:scan_sources: tailwindcss_oxide::scanner: Discovering "C:\\Users\\Dave\\Documents\\next\\memarya\\src\\app\\learn\\[courseId]\\[lessonId]\\quiz"
2025-10-25T07:42:13.688294Z  INFO get_globs:scan_sources: tailwindcss_oxide::scanner: Discovering "C:\\Users\\Dave\\Documents\\next\\memarya\\src\\app\\profile"
2025-10-25T07:42:13.689440Z  INFO get_globs:scan_sources: tailwindcss_oxide::scanner: Discovering "C:\\Users\\Dave\\Documents\\next\\memarya\\src\\app\\profile\\edit"
2025-10-25T07:42:13.690529Z  INFO get_globs:scan_sources: tailwindcss_oxide::scanner: Discovering "C:\\Users\\Dave\\Documents\\next\\memarya\\src\\app\\settings"
2025-10-25T07:42:13.691518Z  INFO get_globs:scan_sources: tailwindcss_oxide::scanner: Discovering "C:\\Users\\Dave\\Documents\\next\\memarya\\src\\components"
2025-10-25T07:42:13.691945Z  INFO get_globs:scan_sources: tailwindcss_oxide::scanner: Discovering "C:\\Users\\Dave\\Documents\\next\\memarya\\src\\components\\admin"
2025-10-25T07:42:13.692453Z  INFO get_globs:scan_sources: tailwindcss_oxide::scanner: Discovering "C:\\Users\\Dave\\Documents\\next\\memarya\\src\\components\\auth"
2025-10-25T07:42:13.692914Z  INFO get_globs:scan_sources: tailwindcss_oxide::scanner: Discovering "C:\\Users\\Dave\\Documents\\next\\memarya\\src\\components\\layout"
2025-10-25T07:42:13.693338Z  INFO get_globs:scan_sources: tailwindcss_oxide::scanner: Discovering "C:\\Users\\Dave\\Documents\\next\\memarya\\src\\components\\learn"
2025-10-25T07:42:13.694031Z  INFO get_globs:scan_sources: tailwindcss_oxide::scanner: Discovering "C:\\Users\\Dave\\Documents\\next\\memarya\\src\\components\\ui"
2025-10-25T07:42:13.695782Z  INFO get_globs:scan_sources: tailwindcss_oxide::scanner: Discovering "C:\\Users\\Dave\\Documents\\next\\memarya\\src\\db"
2025-10-25T07:42:13.696885Z  INFO get_globs:scan_sources: tailwindcss_oxide::scanner: Discovering "C:\\Users\\Dave\\Documents\\next\\memarya\\src\\lib"
2025-10-25T07:42:13.697445Z  INFO get_globs:scan_sources: tailwindcss_oxide::scanner: Discovering "C:\\Users\\Dave\\Documents\\next\\memarya\\src\\pages"
2025-10-25T07:42:13.697709Z  INFO get_globs:scan_sources: tailwindcss_oxide::scanner: Discovering "C:\\Users\\Dave\\Documents\\next\\memarya\\src\\pages\\api"
2025-10-25T07:42:13.697977Z  INFO get_globs:scan_sources: tailwindcss_oxide::scanner: Discovering "C:\\Users\\Dave\\Documents\\next\\memarya\\src\\pages\\api\\lessons"
2025-10-25T07:42:13.698336Z  INFO get_globs:scan_sources: tailwindcss_oxide::scanner: Discovering "C:\\Users\\Dave\\Documents\\next\\memarya\\src\\pages\\api\\lessons\\[lessonId]"
2025-10-25T07:42:13.698820Z  INFO get_globs:scan_sources: tailwindcss_oxide::scanner: Discovering "C:\\Users\\Dave\\Documents\\next\\memarya\\src\\types"
2025-10-25T07:42:13.699813Z  INFO get_globs:scan_sources: tailwindcss_oxide::scanner: Discovering "C:\\Users\\Dave\\Documents\\next\\memarya\\tests"
2025-10-25T07:42:13.700368Z  INFO get_globs:scan_sources: tailwindcss_oxide::scanner: exit
2025-10-25T07:42:13.828997Z  INFO get_globs: tailwindcss_oxide::scanner: exit
